#
# A fatal error has been detected by the Java Runtime Environment:
#
#  SIGSEGV (0xb) at pc=0x0000000105eb82ba, pid=6731, tid=0x000000000000a703
#
# JRE version: Java(TM) SE Runtime Environment (8.0_201-b09) (build 1.8.0_201-b09)
# Java VM: Java HotSpot(TM) 64-Bit Server VM (25.201-b09 mixed mode bsd-amd64 compressed oops)
# Problematic frame:
# V  [libjvm.dylib+0x2b82ba]  InstanceKlass::initialize_super_interfaces(instanceKlassHandle, Thread*)+0x40
#
# Failed to write core dump. Core dumps have been disabled. To enable core dumping, try "ulimit -c unlimited" before starting Java again
#
# If you would like to submit a bug report, please visit:
#   http://bugreport.java.com/bugreport/crash.jsp
#

---------------  T H R E A D  ---------------

Current thread (0x00007ffbd8387800):  JavaThread "Daemon worker" [_thread_in_vm, id=42755, stack(0x0000700003ac0000,0x0000700003bc0000)]

siginfo: si_signo: 11 (SIGSEGV), si_code: 0 (unknown), si_addr: 0x0000000000000000

Registers:
RAX=0x00000001064da212, RBX=0x0000000000000002, RCX=0x0000700003bb9910, RDX=0x0000000780122a30
RSP=0x0000700003bb9750, RBP=0x0000700003bb9770, RSI=0x00007ffbd8387800, RDI=0x00000007c01cfce8
R8 =0x0000000000000000, R9 =0x0000000000000035, R10=0x000000010a01563b, R11=0x00000001060e9913
R12=0x00000007c01cfce8, R13=0x00000001095f4198, R14=0x00007ffbd8387800, R15=0x00000007c03a9980
RIP=0x0000000105eb82ba, EFLAGS=0x0000000000010246, ERR=0x0000000000000000
  TRAPNO=0x000000000000000d

Top of Stack: (sp=0x0000700003bb9750)
0x0000700003bb9750:   00007ffbd8387800 0000000000000000
0x0000700003bb9760:   00000007c03a9980 00000007ae58e100
0x0000700003bb9770:   0000700003bb9900 0000000105ec4edd
0x0000700003bb9780:   00007ffbd8387800 0000000000000001
0x0000700003bb9790:   0000000000000000 00000007c0021ee0
0x0000700003bb97a0:   00007ffbd7d6f270 0000000105f93005
0x0000700003bb97b0:   00007ffbd7d6f270 00000003d8387800
0x0000700003bb97c0:   00000007ae58e7e8 00007ffbd8387800
0x0000700003bb97d0:   0000000000000003 00000007ae58e7e8
0x0000700003bb97e0:   0000000000000002 00000007c0012340
0x0000700003bb97f0:   0000700003bb9840 0000000105cb32b8
0x0000700003bb9800:   00007ffbd8387800 0000000000000001
0x0000700003bb9810:   0000000000000000 00000007c0012340
0x0000700003bb9820:   00007ffbd7d6f270 0000000105f93005
0x0000700003bb9830:   00007ffbd7d6f270 00007ffbd8387800
0x0000700003bb9840:   0000700003bb9910 0000000105f52840
0x0000700003bb9850:   00007ffbd83879f8 0000000000000003
0x0000700003bb9860:   0000700003bb9940 000000010a65a924
0x0000700003bb9870:   00000007801a2f01 00000007c01a8300
0x0000700003bb9880:   0000700003bb98b0 0000000105f169ea
0x0000700003bb9890:   00007ffbd8387800 00000001094dc4b0
0x0000700003bb98a0:   0000700003bb99c0 000000010a1113d9
0x0000700003bb98b0:   0000700003bb98c0 00007ffbd8387800
0x0000700003bb98c0:   00007ffbd7c73e58 0000000000000001
0x0000700003bb98d0:   00000007ae58e801 00007ffbd8387800
0x0000700003bb98e0:   000000011e1b7278 00000001095f4198
0x0000700003bb98f0:   00000007c03a9980 0000700003bb9910
0x0000700003bb9900:   0000700003bb9960 0000000105ec5313
0x0000700003bb9910:   00007ffbd8387800 00007ffbd7c73cf0
0x0000700003bb9920:   00007ffbd7c73db0 00007ffbd7c73e58
0x0000700003bb9930:   00007ffbd7c73e98 00000000000000d8
0x0000700003bb9940:   0000700003bb9e10 00007ffbd8387800 

Instructions: (pc=0x0000000105eb82ba)
0x0000000105eb829a:   01 00 00 a8 20 74 12 4c 89 e7 4c 89 f6 e8 ce ff
0x0000000105eb82aa:   ff ff 49 83 7e 08 00 75 43 49 8b 04 24 4c 89 e7
0x0000000105eb82ba:   ff 90 88 00 00 00 84 c0 74 24 41 0f b7 84 24 0e
0x0000000105eb82ca:   01 00 00 a8 40 74 17 49 8b 04 24 4c 89 e7 4c 89 

Register to memory mapping:

RAX=0x00000001064da212: _ZTV24InstanceClassLoaderKlass+0x3d2 in /Library/Java/JavaVirtualMachines/jdk1.8.0_201.jdk/Contents/Home/jre/lib/server/libjvm.dylib at 0x0000000105c00000
RBX=0x0000000000000002 is an unknown value
RCX=0x0000700003bb9910 is pointing into the stack for thread: 0x00007ffbd8387800
RDX=0x0000000780122a30 is an oop
org.gradle.initialization.MixInLegacyTypesClassLoader 
 - klass: 'org/gradle/initialization/MixInLegacyTypesClassLoader'
RSP=0x0000700003bb9750 is pointing into the stack for thread: 0x00007ffbd8387800
RBP=0x0000700003bb9770 is pointing into the stack for thread: 0x00007ffbd8387800
RSI=0x00007ffbd8387800 is a thread
RDI=0x00000007c01cfce8 is pointing into metadata
R8 =0x0000000000000000 is an unknown value
R9 =0x0000000000000035 is an unknown value
R10=0x000000010a01563b is at code_begin+859 in an Interpreter codelet
method entry point (kind = native)  [0x000000010a0152e0, 0x000000010a015c40]  2400 bytes
R11=0x00000001060e9913: throw_unsatisfied_link_error+0 in /Library/Java/JavaVirtualMachines/jdk1.8.0_201.jdk/Contents/Home/jre/lib/server/libjvm.dylib at 0x0000000105c00000
R12=0x00000007c01cfce8 is pointing into metadata
R13=0x00000001095f4198 is pointing into metadata
R14=0x00007ffbd8387800 is a thread
R15=0x00000007c03a9980 is pointing into metadata


Stack: [0x0000700003ac0000,0x0000700003bc0000],  sp=0x0000700003bb9750,  free space=997k
Native frames: (J=compiled Java code, j=interpreted, Vv=VM code, C=native code)
V  [libjvm.dylib+0x2b82ba]  InstanceKlass::initialize_super_interfaces(instanceKlassHandle, Thread*)+0x40
V  [libjvm.dylib+0x2c4edd]  InstanceKlass::initialize_impl(instanceKlassHandle, Thread*)+0x30b
V  [libjvm.dylib+0x2c5313]  InstanceKlass::initialize(Thread*)+0x3d
V  [libjvm.dylib+0x4d7ad2]  Reflection::invoke_constructor(oopDesc*, objArrayHandle, Thread*)+0xde
V  [libjvm.dylib+0x348f61]  JVM_NewInstanceFromConstructor+0x7c
j  sun.reflect.NativeConstructorAccessorImpl.newInstance0(Ljava/lang/reflect/Constructor;[Ljava/lang/Object;)Ljava/lang/Object;+0
j  sun.reflect.NativeConstructorAccessorImpl.newInstance([Ljava/lang/Object;)Ljava/lang/Object;+85
j  sun.reflect.DelegatingConstructorAccessorImpl.newInstance([Ljava/lang/Object;)Ljava/lang/Object;+5
j  java.lang.reflect.Constructor.newInstance([Ljava/lang/Object;)Ljava/lang/Object;+79
j  org.gradle.internal.reflect.DirectInstantiator.newInstance(Ljava/lang/Class;[Ljava/lang/Object;)Ljava/lang/Object;+41
j  org.gradle.api.internal.ClassGeneratorBackedInstantiator.newInstance(Ljava/lang/Class;[Ljava/lang/Object;)Ljava/lang/Object;+19
j  org.gradle.api.internal.artifacts.DefaultDependencyManagementServices$DependencyResolutionScopeServices.createRepositoryHandler(Lorg/gradle/internal/reflect/Instantiator;Lorg/gradle/api/internal/artifacts/BaseRepositoryFactory;)Lorg/gradle/api/artifacts/dsl/RepositoryHandler;+16
v  ~StubRoutines::call_stub
V  [libjvm.dylib+0x2f0bea]  JavaCalls::call_helper(JavaValue*, methodHandle*, JavaCallArguments*, Thread*)+0x6ae
V  [libjvm.dylib+0x4d7830]  Reflection::invoke(instanceKlassHandle, methodHandle, Handle, bool, objArrayHandle, BasicType, objArrayHandle, bool, Thread*)+0xe12
V  [libjvm.dylib+0x4d7d64]  Reflection::invoke_method(oopDesc*, Handle, objArrayHandle, Thread*)+0x16c
V  [libjvm.dylib+0x349138]  JVM_InvokeMethod+0x166
j  sun.reflect.NativeMethodAccessorImpl.invoke0(Ljava/lang/reflect/Method;Ljava/lang/Object;[Ljava/lang/Object;)Ljava/lang/Object;+0
j  sun.reflect.NativeMethodAccessorImpl.invoke(Ljava/lang/Object;[Ljava/lang/Object;)Ljava/lang/Object;+100
J 1664 C1 sun.reflect.DelegatingMethodAccessorImpl.invoke(Ljava/lang/Object;[Ljava/lang/Object;)Ljava/lang/Object; (10 bytes) @ 0x000000010a65954c [0x000000010a659440+0x10c]
J 1258 C1 java.lang.reflect.Method.invoke(Ljava/lang/Object;[Ljava/lang/Object;)Ljava/lang/Object; (62 bytes) @ 0x000000010a4279dc [0x000000010a4275e0+0x3fc]
J 1805 C1 org.gradle.internal.reflect.JavaMethod.invoke(Ljava/lang/Object;[Ljava/lang/Object;)Ljava/lang/Object; (74 bytes) @ 0x000000010a6a2ea4 [0x000000010a6a2e20+0x84]
J 1847 C1 org.gradle.internal.service.ReflectionBasedServiceMethod.invoke(Ljava/lang/Object;[Ljava/lang/Object;)Ljava/lang/Object; (16 bytes) @ 0x000000010a6b8eac [0x000000010a6b8e40+0x6c]
j  org.gradle.internal.service.DefaultServiceRegistry$FactoryMethodService.invokeMethod([Ljava/lang/Object;)Ljava/lang/Object;+9
j  org.gradle.internal.service.DefaultServiceRegistry$FactoryService.create()Ljava/lang/Object;+7
J 1253 C1 org.gradle.internal.service.DefaultServiceRegistry$ManagedObjectServiceProvider.getInstance()Ljava/lang/Object; (81 bytes) @ 0x000000010a425794 [0x000000010a425540+0x254]
J 1252 C1 org.gradle.internal.service.DefaultServiceRegistry$SingletonService.get()Ljava/lang/Object; (5 bytes) @ 0x000000010a425234 [0x000000010a425140+0xf4]
j  org.gradle.internal.service.DefaultServiceRegistry.find(Ljava/lang/reflect/Type;)Ljava/lang/Object;+22
j  org.gradle.internal.service.DefaultServiceRegistry.get(Ljava/lang/reflect/Type;)Ljava/lang/Object;+2
j  org.gradle.internal.service.DefaultServiceRegistry.get(Ljava/lang/Class;)Ljava/lang/Object;+3
j  org.gradle.api.internal.artifacts.DefaultDependencyManagementServices$DefaultDependencyResolutionServices.getResolveRepositoryHandler()Lorg/gradle/api/artifacts/dsl/RepositoryHandler;+7
j  org.gradle.api.internal.initialization.DefaultScriptHandler.getRepositories()Lorg/gradle/api/artifacts/dsl/RepositoryHandler;+12
j  org.gradle.api.internal.initialization.DefaultScriptHandler.repositories(Lgroovy/lang/Closure;)V+2
v  ~StubRoutines::call_stub
V  [libjvm.dylib+0x2f0bea]  JavaCalls::call_helper(JavaValue*, methodHandle*, JavaCallArguments*, Thread*)+0x6ae
V  [libjvm.dylib+0x4d7830]  Reflection::invoke(instanceKlassHandle, methodHandle, Handle, bool, objArrayHandle, BasicType, objArrayHandle, bool, Thread*)+0xe12
V  [libjvm.dylib+0x4d7d64]  Reflection::invoke_method(oopDesc*, Handle, objArrayHandle, Thread*)+0x16c
V  [libjvm.dylib+0x349138]  JVM_InvokeMethod+0x166
j  sun.reflect.NativeMethodAccessorImpl.invoke0(Ljava/lang/reflect/Method;Ljava/lang/Object;[Ljava/lang/Object;)Ljava/lang/Object;+0
j  sun.reflect.NativeMethodAccessorImpl.invoke(Ljava/lang/Object;[Ljava/lang/Object;)Ljava/lang/Object;+100
J 1664 C1 sun.reflect.DelegatingMethodAccessorImpl.invoke(Ljava/lang/Object;[Ljava/lang/Object;)Ljava/lang/Object; (10 bytes) @ 0x000000010a65954c [0x000000010a659440+0x10c]
J 1258 C1 java.lang.reflect.Method.invoke(Ljava/lang/Object;[Ljava/lang/Object;)Ljava/lang/Object; (62 bytes) @ 0x000000010a4279dc [0x000000010a4275e0+0x3fc]
j  org.codehaus.groovy.reflection.CachedMethod.invoke(Ljava/lang/Object;[Ljava/lang/Object;)Ljava/lang/Object;+6
j  groovy.lang.MetaMethod.doMethodInvoke(Ljava/lang/Object;[Ljava/lang/Object;)Ljava/lang/Object;+9
j  org.gradle.internal.metaobject.BeanDynamicObject$MetaClassAdapter.invokeMethod(Ljava/lang/String;[Ljava/lang/Object;)Lorg/gradle/internal/metaobject/DynamicInvokeResult;+36
j  org.gradle.internal.metaobject.BeanDynamicObject.tryInvokeMethod(Ljava/lang/String;[Ljava/lang/Object;)Lorg/gradle/internal/metaobject/DynamicInvokeResult;+6
j  org.gradle.internal.metaobject.ConfigureDelegate.invokeMethod(Ljava/lang/String;Ljava/lang/Object;)Ljava/lang/Object;+25
j  org.codehaus.groovy.runtime.metaclass.ClosureMetaClass.invokeOnDelegationObjects(ZLjava/lang/Object;ZLjava/lang/Object;Ljava/lang/String;[Ljava/lang/Object;)Ljava/lang/Object;+19
j  org.codehaus.groovy.runtime.metaclass.ClosureMetaClass.invokeMethod(Ljava/lang/Class;Ljava/lang/Object;Ljava/lang/String;[Ljava/lang/Object;ZZ)Ljava/lang/Object;+711
j  groovy.lang.MetaClassImpl.invokeMethod(Ljava/lang/Object;Ljava/lang/String;[Ljava/lang/Object;)Ljava/lang/Object;+10
j  org.codehaus.groovy.runtime.callsite.PogoMetaClassSite.callCurrent(Lgroovy/lang/GroovyObject;[Ljava/lang/Object;)Ljava/lang/Object;+18
j  org.codehaus.groovy.runtime.callsite.CallSiteArray.defaultCallCurrent(Lorg/codehaus/groovy/runtime/callsite/CallSite;Lgroovy/lang/GroovyObject;[Ljava/lang/Object;)Ljava/lang/Object;+17
j  org.codehaus.groovy.runtime.callsite.AbstractCallSite.callCurrent(Lgroovy/lang/GroovyObject;[Ljava/lang/Object;)Ljava/lang/Object;+3
j  org.codehaus.groovy.runtime.callsite.AbstractCallSite.callCurrent(Lgroovy/lang/GroovyObject;Ljava/lang/Object;)Ljava/lang/Object;+33
j  build_d70ai8m0y34y1309z2acwqadc$_run_closure1.doCall(Ljava/lang/Object;)Ljava/lang/Object;+21
v  ~StubRoutines::call_stub
V  [libjvm.dylib+0x2f0bea]  JavaCalls::call_helper(JavaValue*, methodHandle*, JavaCallArguments*, Thread*)+0x6ae
V  [libjvm.dylib+0x4d7830]  Reflection::invoke(instanceKlassHandle, methodHandle, Handle, bool, objArrayHandle, BasicType, objArrayHandle, bool, Thread*)+0xe12
V  [libjvm.dylib+0x4d7d64]  Reflection::invoke_method(oopDesc*, Handle, objArrayHandle, Thread*)+0x16c
V  [libjvm.dylib+0x349138]  JVM_InvokeMethod+0x166
j  sun.reflect.NativeMethodAccessorImpl.invoke0(Ljava/lang/reflect/Method;Ljava/lang/Object;[Ljava/lang/Object;)Ljava/lang/Object;+0
j  sun.reflect.NativeMethodAccessorImpl.invoke(Ljava/lang/Object;[Ljava/lang/Object;)Ljava/lang/Object;+100
J 1664 C1 sun.reflect.DelegatingMethodAccessorImpl.invoke(Ljava/lang/Object;[Ljava/lang/Object;)Ljava/lang/Object; (10 bytes) @ 0x000000010a65954c [0x000000010a659440+0x10c]
J 1258 C1 java.lang.reflect.Method.invoke(Ljava/lang/Object;[Ljava/lang/Object;)Ljava/lang/Object; (62 bytes) @ 0x000000010a4279dc [0x000000010a4275e0+0x3fc]
j  org.codehaus.groovy.reflection.CachedMethod.invoke(Ljava/lang/Object;[Ljava/lang/Object;)Ljava/lang/Object;+6
j  groovy.lang.MetaMethod.doMethodInvoke(Ljava/lang/Object;[Ljava/lang/Object;)Ljava/lang/Object;+9
j  org.codehaus.groovy.runtime.metaclass.ClosureMetaClass.invokeMethod(Ljava/lang/Class;Ljava/lang/Object;Ljava/lang/String;[Ljava/lang/Object;ZZ)Ljava/lang/Object;+225
j  groovy.lang.MetaClassImpl.invokeMethod(Ljava/lang/Object;Ljava/lang/String;[Ljava/lang/Object;)Ljava/lang/Object;+10
j  groovy.lang.Closure.call([Ljava/lang/Object;)Ljava/lang/Object;+8
j  groovy.lang.Closure.call(Ljava/lang/Object;)Ljava/lang/Object;+9
j  org.gradle.api.internal.ClosureBackedAction.execute(Ljava/lang/Object;)V+80
j  org.gradle.util.ConfigureUtil.configureTarget(Lgroovy/lang/Closure;Ljava/lang/Object;Lorg/gradle/internal/metaobject/ConfigureDelegate;)V+44
j  org.gradle.util.ConfigureUtil.configure(Lgroovy/lang/Closure;Ljava/lang/Object;)Ljava/lang/Object;+38
j  org.gradle.api.internal.project.DefaultProject.buildscript(Lgroovy/lang/Closure;)V+5
j  org.gradle.api.internal.project.ProjectScript.buildscript(Lgroovy/lang/Closure;)V+5
j  org.gradle.api.Script$buildscript.callCurrent(Lgroovy/lang/GroovyObject;[Ljava/lang/Object;)Ljava/lang/Object;+19
j  org.codehaus.groovy.runtime.callsite.CallSiteArray.defaultCallCurrent(Lorg/codehaus/groovy/runtime/callsite/CallSite;Lgroovy/lang/GroovyObject;[Ljava/lang/Object;)Ljava/lang/Object;+17
j  org.codehaus.groovy.runtime.callsite.AbstractCallSite.callCurrent(Lgroovy/lang/GroovyObject;[Ljava/lang/Object;)Ljava/lang/Object;+3
j  org.codehaus.groovy.runtime.callsite.AbstractCallSite.callCurrent(Lgroovy/lang/GroovyObject;Ljava/lang/Object;)Ljava/lang/Object;+33
j  build_d70ai8m0y34y1309z2acwqadc.run()Ljava/lang/Object;+18
j  org.gradle.groovy.scripts.internal.DefaultScriptRunnerFactory$ScriptRunnerImpl.run(Ljava/lang/Object;Lorg/gradle/internal/service/ServiceRegistry;)V+57
j  org.gradle.configuration.DefaultScriptPluginFactory$ScriptPluginImpl.apply(Ljava/lang/Object;)V+367
j  org.gradle.configuration.BuildOperationScriptPlugin$1$1.run(Lorg/gradle/internal/operations/BuildOperationContext;)V+17
j  org.gradle.internal.operations.DefaultBuildOperationExecutor$RunnableBuildOperationWorker.execute(Lorg/gradle/internal/operations/RunnableBuildOperation;Lorg/gradle/internal/operations/BuildOperationContext;)V+2
j  org.gradle.internal.operations.DefaultBuildOperationExecutor$RunnableBuildOperationWorker.execute(Lorg/gradle/internal/operations/BuildOperation;Lorg/gradle/internal/operations/BuildOperationContext;)V+6
j  org.gradle.internal.operations.DefaultBuildOperationExecutor.execute(Lorg/gradle/internal/operations/BuildOperation;Lorg/gradle/internal/operations/BuildOperationWorker;Lorg/gradle/internal/operations/DefaultBuildOperationExecutor$BuildOperationState;)V+148
j  org.gradle.internal.operations.DefaultBuildOperationExecutor.run(Lorg/gradle/internal/operations/RunnableBuildOperation;)V+14
j  org.gradle.internal.operations.DelegatingBuildOperationExecutor.run(Lorg/gradle/internal/operations/RunnableBuildOperation;)V+5
j  org.gradle.configuration.BuildOperationScriptPlugin$1.execute(Lorg/gradle/configuration/internal/UserCodeApplicationId;)V+16
j  org.gradle.configuration.BuildOperationScriptPlugin$1.execute(Ljava/lang/Object;)V+5
j  org.gradle.configuration.internal.DefaultUserCodeApplicationContext.apply(Lorg/gradle/api/Action;)V+19
j  org.gradle.configuration.BuildOperationScriptPlugin.apply(Ljava/lang/Object;)V+54
j  org.gradle.configuration.project.BuildScriptProcessor.execute(Lorg/gradle/api/internal/project/ProjectInternal;)V+74
j  org.gradle.configuration.project.BuildScriptProcessor.execute(Ljava/lang/Object;)V+5
j  org.gradle.configuration.project.ConfigureActionsProjectEvaluator.evaluate(Lorg/gradle/api/internal/project/ProjectInternal;Lorg/gradle/api/internal/project/ProjectStateInternal;)V+33
j  org.gradle.configuration.project.LifecycleProjectEvaluator$EvaluateProject.run(Lorg/gradle/internal/operations/BuildOperationContext;)V+67
j  org.gradle.internal.operations.DefaultBuildOperationExecutor$RunnableBuildOperationWorker.execute(Lorg/gradle/internal/operations/RunnableBuildOperation;Lorg/gradle/internal/operations/BuildOperationContext;)V+2
j  org.gradle.internal.operations.DefaultBuildOperationExecutor$RunnableBuildOperationWorker.execute(Lorg/gradle/internal/operations/BuildOperation;Lorg/gradle/internal/operations/BuildOperationContext;)V+6
j  org.gradle.internal.operations.DefaultBuildOperationExecutor.execute(Lorg/gradle/internal/operations/BuildOperation;Lorg/gradle/internal/operations/BuildOperationWorker;Lorg/gradle/internal/operations/DefaultBuildOperationExecutor$BuildOperationState;)V+148
j  org.gradle.internal.operations.DefaultBuildOperationExecutor.run(Lorg/gradle/internal/operations/RunnableBuildOperation;)V+14
...<more frames>...

Java frames: (J=compiled Java code, j=interpreted, Vv=VM code)
j  sun.reflect.NativeConstructorAccessorImpl.newInstance0(Ljava/lang/reflect/Constructor;[Ljava/lang/Object;)Ljava/lang/Object;+0
j  sun.reflect.NativeConstructorAccessorImpl.newInstance([Ljava/lang/Object;)Ljava/lang/Object;+85
j  sun.reflect.DelegatingConstructorAccessorImpl.newInstance([Ljava/lang/Object;)Ljava/lang/Object;+5
j  java.lang.reflect.Constructor.newInstance([Ljava/lang/Object;)Ljava/lang/Object;+79
j  org.gradle.internal.reflect.DirectInstantiator.newInstance(Ljava/lang/Class;[Ljava/lang/Object;)Ljava/lang/Object;+41
j  org.gradle.api.internal.ClassGeneratorBackedInstantiator.newInstance(Ljava/lang/Class;[Ljava/lang/Object;)Ljava/lang/Object;+19
j  org.gradle.api.internal.artifacts.DefaultDependencyManagementServices$DependencyResolutionScopeServices.createRepositoryHandler(Lorg/gradle/internal/reflect/Instantiator;Lorg/gradle/api/internal/artifacts/BaseRepositoryFactory;)Lorg/gradle/api/artifacts/dsl/RepositoryHandler;+16
v  ~StubRoutines::call_stub
j  sun.reflect.NativeMethodAccessorImpl.invoke0(Ljava/lang/reflect/Method;Ljava/lang/Object;[Ljava/lang/Object;)Ljava/lang/Object;+0
j  sun.reflect.NativeMethodAccessorImpl.invoke(Ljava/lang/Object;[Ljava/lang/Object;)Ljava/lang/Object;+100
J 1664 C1 sun.reflect.DelegatingMethodAccessorImpl.invoke(Ljava/lang/Object;[Ljava/lang/Object;)Ljava/lang/Object; (10 bytes) @ 0x000000010a65954c [0x000000010a659440+0x10c]
J 1258 C1 java.lang.reflect.Method.invoke(Ljava/lang/Object;[Ljava/lang/Object;)Ljava/lang/Object; (62 bytes) @ 0x000000010a4279dc [0x000000010a4275e0+0x3fc]
J 1805 C1 org.gradle.internal.reflect.JavaMethod.invoke(Ljava/lang/Object;[Ljava/lang/Object;)Ljava/lang/Object; (74 bytes) @ 0x000000010a6a2ea4 [0x000000010a6a2e20+0x84]
J 1847 C1 org.gradle.internal.service.ReflectionBasedServiceMethod.invoke(Ljava/lang/Object;[Ljava/lang/Object;)Ljava/lang/Object; (16 bytes) @ 0x000000010a6b8eac [0x000000010a6b8e40+0x6c]
j  org.gradle.internal.service.DefaultServiceRegistry$FactoryMethodService.invokeMethod([Ljava/lang/Object;)Ljava/lang/Object;+9
j  org.gradle.internal.service.DefaultServiceRegistry$FactoryService.create()Ljava/lang/Object;+7
J 1253 C1 org.gradle.internal.service.DefaultServiceRegistry$ManagedObjectServiceProvider.getInstance()Ljava/lang/Object; (81 bytes) @ 0x000000010a425794 [0x000000010a425540+0x254]
J 1252 C1 org.gradle.internal.service.DefaultServiceRegistry$SingletonService.get()Ljava/lang/Object; (5 bytes) @ 0x000000010a425234 [0x000000010a425140+0xf4]
j  org.gradle.internal.service.DefaultServiceRegistry.find(Ljava/lang/reflect/Type;)Ljava/lang/Object;+22
j  org.gradle.internal.service.DefaultServiceRegistry.get(Ljava/lang/reflect/Type;)Ljava/lang/Object;+2
j  org.gradle.internal.service.DefaultServiceRegistry.get(Ljava/lang/Class;)Ljava/lang/Object;+3
j  org.gradle.api.internal.artifacts.DefaultDependencyManagementServices$DefaultDependencyResolutionServices.getResolveRepositoryHandler()Lorg/gradle/api/artifacts/dsl/RepositoryHandler;+7
j  org.gradle.api.internal.initialization.DefaultScriptHandler.getRepositories()Lorg/gradle/api/artifacts/dsl/RepositoryHandler;+12
j  org.gradle.api.internal.initialization.DefaultScriptHandler.repositories(Lgroovy/lang/Closure;)V+2
v  ~StubRoutines::call_stub
j  sun.reflect.NativeMethodAccessorImpl.invoke0(Ljava/lang/reflect/Method;Ljava/lang/Object;[Ljava/lang/Object;)Ljava/lang/Object;+0
j  sun.reflect.NativeMethodAccessorImpl.invoke(Ljava/lang/Object;[Ljava/lang/Object;)Ljava/lang/Object;+100
J 1664 C1 sun.reflect.DelegatingMethodAccessorImpl.invoke(Ljava/lang/Object;[Ljava/lang/Object;)Ljava/lang/Object; (10 bytes) @ 0x000000010a65954c [0x000000010a659440+0x10c]
J 1258 C1 java.lang.reflect.Method.invoke(Ljava/lang/Object;[Ljava/lang/Object;)Ljava/lang/Object; (62 bytes) @ 0x000000010a4279dc [0x000000010a4275e0+0x3fc]
j  org.codehaus.groovy.reflection.CachedMethod.invoke(Ljava/lang/Object;[Ljava/lang/Object;)Ljava/lang/Object;+6
j  groovy.lang.MetaMethod.doMethodInvoke(Ljava/lang/Object;[Ljava/lang/Object;)Ljava/lang/Object;+9
j  org.gradle.internal.metaobject.BeanDynamicObject$MetaClassAdapter.invokeMethod(Ljava/lang/String;[Ljava/lang/Object;)Lorg/gradle/internal/metaobject/DynamicInvokeResult;+36
j  org.gradle.internal.metaobject.BeanDynamicObject.tryInvokeMethod(Ljava/lang/String;[Ljava/lang/Object;)Lorg/gradle/internal/metaobject/DynamicInvokeResult;+6
j  org.gradle.internal.metaobject.ConfigureDelegate.invokeMethod(Ljava/lang/String;Ljava/lang/Object;)Ljava/lang/Object;+25
j  org.codehaus.groovy.runtime.metaclass.ClosureMetaClass.invokeOnDelegationObjects(ZLjava/lang/Object;ZLjava/lang/Object;Ljava/lang/String;[Ljava/lang/Object;)Ljava/lang/Object;+19
j  org.codehaus.groovy.runtime.metaclass.ClosureMetaClass.invokeMethod(Ljava/lang/Class;Ljava/lang/Object;Ljava/lang/String;[Ljava/lang/Object;ZZ)Ljava/lang/Object;+711
j  groovy.lang.MetaClassImpl.invokeMethod(Ljava/lang/Object;Ljava/lang/String;[Ljava/lang/Object;)Ljava/lang/Object;+10
j  org.codehaus.groovy.runtime.callsite.PogoMetaClassSite.callCurrent(Lgroovy/lang/GroovyObject;[Ljava/lang/Object;)Ljava/lang/Object;+18
j  org.codehaus.groovy.runtime.callsite.CallSiteArray.defaultCallCurrent(Lorg/codehaus/groovy/runtime/callsite/CallSite;Lgroovy/lang/GroovyObject;[Ljava/lang/Object;)Ljava/lang/Object;+17
j  org.codehaus.groovy.runtime.callsite.AbstractCallSite.callCurrent(Lgroovy/lang/GroovyObject;[Ljava/lang/Object;)Ljava/lang/Object;+3
j  org.codehaus.groovy.runtime.callsite.AbstractCallSite.callCurrent(Lgroovy/lang/GroovyObject;Ljava/lang/Object;)Ljava/lang/Object;+33
j  build_d70ai8m0y34y1309z2acwqadc$_run_closure1.doCall(Ljava/lang/Object;)Ljava/lang/Object;+21
v  ~StubRoutines::call_stub
j  sun.reflect.NativeMethodAccessorImpl.invoke0(Ljava/lang/reflect/Method;Ljava/lang/Object;[Ljava/lang/Object;)Ljava/lang/Object;+0
j  sun.reflect.NativeMethodAccessorImpl.invoke(Ljava/lang/Object;[Ljava/lang/Object;)Ljava/lang/Object;+100
J 1664 C1 sun.reflect.DelegatingMethodAccessorImpl.invoke(Ljava/lang/Object;[Ljava/lang/Object;)Ljava/lang/Object; (10 bytes) @ 0x000000010a65954c [0x000000010a659440+0x10c]
J 1258 C1 java.lang.reflect.Method.invoke(Ljava/lang/Object;[Ljava/lang/Object;)Ljava/lang/Object; (62 bytes) @ 0x000000010a4279dc [0x000000010a4275e0+0x3fc]
j  org.codehaus.groovy.reflection.CachedMethod.invoke(Ljava/lang/Object;[Ljava/lang/Object;)Ljava/lang/Object;+6
j  groovy.lang.MetaMethod.doMethodInvoke(Ljava/lang/Object;[Ljava/lang/Object;)Ljava/lang/Object;+9
j  org.codehaus.groovy.runtime.metaclass.ClosureMetaClass.invokeMethod(Ljava/lang/Class;Ljava/lang/Object;Ljava/lang/String;[Ljava/lang/Object;ZZ)Ljava/lang/Object;+225
j  groovy.lang.MetaClassImpl.invokeMethod(Ljava/lang/Object;Ljava/lang/String;[Ljava/lang/Object;)Ljava/lang/Object;+10
j  groovy.lang.Closure.call([Ljava/lang/Object;)Ljava/lang/Object;+8
j  groovy.lang.Closure.call(Ljava/lang/Object;)Ljava/lang/Object;+9
j  org.gradle.api.internal.ClosureBackedAction.execute(Ljava/lang/Object;)V+80
j  org.gradle.util.ConfigureUtil.configureTarget(Lgroovy/lang/Closure;Ljava/lang/Object;Lorg/gradle/internal/metaobject/ConfigureDelegate;)V+44
j  org.gradle.util.ConfigureUtil.configure(Lgroovy/lang/Closure;Ljava/lang/Object;)Ljava/lang/Object;+38
j  org.gradle.api.internal.project.DefaultProject.buildscript(Lgroovy/lang/Closure;)V+5
j  org.gradle.api.internal.project.ProjectScript.buildscript(Lgroovy/lang/Closure;)V+5
j  org.gradle.api.Script$buildscript.callCurrent(Lgroovy/lang/GroovyObject;[Ljava/lang/Object;)Ljava/lang/Object;+19
j  org.codehaus.groovy.runtime.callsite.CallSiteArray.defaultCallCurrent(Lorg/codehaus/groovy/runtime/callsite/CallSite;Lgroovy/lang/GroovyObject;[Ljava/lang/Object;)Ljava/lang/Object;+17
j  org.codehaus.groovy.runtime.callsite.AbstractCallSite.callCurrent(Lgroovy/lang/GroovyObject;[Ljava/lang/Object;)Ljava/lang/Object;+3
j  org.codehaus.groovy.runtime.callsite.AbstractCallSite.callCurrent(Lgroovy/lang/GroovyObject;Ljava/lang/Object;)Ljava/lang/Object;+33
j  build_d70ai8m0y34y1309z2acwqadc.run()Ljava/lang/Object;+18
j  org.gradle.groovy.scripts.internal.DefaultScriptRunnerFactory$ScriptRunnerImpl.run(Ljava/lang/Object;Lorg/gradle/internal/service/ServiceRegistry;)V+57
j  org.gradle.configuration.DefaultScriptPluginFactory$ScriptPluginImpl.apply(Ljava/lang/Object;)V+367
j  org.gradle.configuration.BuildOperationScriptPlugin$1$1.run(Lorg/gradle/internal/operations/BuildOperationContext;)V+17
j  org.gradle.internal.operations.DefaultBuildOperationExecutor$RunnableBuildOperationWorker.execute(Lorg/gradle/internal/operations/RunnableBuildOperation;Lorg/gradle/internal/operations/BuildOperationContext;)V+2
j  org.gradle.internal.operations.DefaultBuildOperationExecutor$RunnableBuildOperationWorker.execute(Lorg/gradle/internal/operations/BuildOperation;Lorg/gradle/internal/operations/BuildOperationContext;)V+6
j  org.gradle.internal.operations.DefaultBuildOperationExecutor.execute(Lorg/gradle/internal/operations/BuildOperation;Lorg/gradle/internal/operations/BuildOperationWorker;Lorg/gradle/internal/operations/DefaultBuildOperationExecutor$BuildOperationState;)V+148
j  org.gradle.internal.operations.DefaultBuildOperationExecutor.run(Lorg/gradle/internal/operations/RunnableBuildOperation;)V+14
j  org.gradle.internal.operations.DelegatingBuildOperationExecutor.run(Lorg/gradle/internal/operations/RunnableBuildOperation;)V+5
j  org.gradle.configuration.BuildOperationScriptPlugin$1.execute(Lorg/gradle/configuration/internal/UserCodeApplicationId;)V+16
j  org.gradle.configuration.BuildOperationScriptPlugin$1.execute(Ljava/lang/Object;)V+5
j  org.gradle.configuration.internal.DefaultUserCodeApplicationContext.apply(Lorg/gradle/api/Action;)V+19
j  org.gradle.configuration.BuildOperationScriptPlugin.apply(Ljava/lang/Object;)V+54
j  org.gradle.configuration.project.BuildScriptProcessor.execute(Lorg/gradle/api/internal/project/ProjectInternal;)V+74
j  org.gradle.configuration.project.BuildScriptProcessor.execute(Ljava/lang/Object;)V+5
j  org.gradle.configuration.project.ConfigureActionsProjectEvaluator.evaluate(Lorg/gradle/api/internal/project/ProjectInternal;Lorg/gradle/api/internal/project/ProjectStateInternal;)V+33
j  org.gradle.configuration.project.LifecycleProjectEvaluator$EvaluateProject.run(Lorg/gradle/internal/operations/BuildOperationContext;)V+67
j  org.gradle.internal.operations.DefaultBuildOperationExecutor$RunnableBuildOperationWorker.execute(Lorg/gradle/internal/operations/RunnableBuildOperation;Lorg/gradle/internal/operations/BuildOperationContext;)V+2
j  org.gradle.internal.operations.DefaultBuildOperationExecutor$RunnableBuildOperationWorker.execute(Lorg/gradle/internal/operations/BuildOperation;Lorg/gradle/internal/operations/BuildOperationContext;)V+6
j  org.gradle.internal.operations.DefaultBuildOperationExecutor.execute(Lorg/gradle/internal/operations/BuildOperation;Lorg/gradle/internal/operations/BuildOperationWorker;Lorg/gradle/internal/operations/DefaultBuildOperationExecutor$BuildOperationState;)V+148
j  org.gradle.internal.operations.DefaultBuildOperationExecutor.run(Lorg/gradle/internal/operations/RunnableBuildOperation;)V+14
j  org.gradle.internal.operations.DelegatingBuildOperationExecutor.run(Lorg/gradle/internal/operations/RunnableBuildOperation;)V+5
j  org.gradle.configuration.project.LifecycleProjectEvaluator.evaluate(Lorg/gradle/api/internal/project/ProjectInternal;Lorg/gradle/api/internal/project/ProjectStateInternal;)V+22
j  org.gradle.api.internal.project.DefaultProject.evaluate()Lorg/gradle/api/internal/project/DefaultProject;+9
j  org.gradle.api.internal.project.DefaultProject.evaluate()Lorg/gradle/api/Project;+1
j  org.gradle.execution.TaskPathProjectEvaluator.configure(Lorg/gradle/api/internal/project/ProjectInternal;)V+21
j  org.gradle.execution.TaskPathProjectEvaluator.configureHierarchy(Lorg/gradle/api/internal/project/ProjectInternal;)V+2
j  org.gradle.configuration.DefaultBuildConfigurer.configure(Lorg/gradle/api/internal/GradleInternal;)V+63
j  org.gradle.initialization.DefaultGradleLauncher$ConfigureBuild.run(Lorg/gradle/internal/operations/BuildOperationContext;)V+40
j  org.gradle.internal.operations.DefaultBuildOperationExecutor$RunnableBuildOperationWorker.execute(Lorg/gradle/internal/operations/RunnableBuildOperation;Lorg/gradle/internal/operations/BuildOperationContext;)V+2
j  org.gradle.internal.operations.DefaultBuildOperationExecutor$RunnableBuildOperationWorker.execute(Lorg/gradle/internal/operations/BuildOperation;Lorg/gradle/internal/operations/BuildOperationContext;)V+6
j  org.gradle.internal.operations.DefaultBuildOperationExecutor.execute(Lorg/gradle/internal/operations/BuildOperation;Lorg/gradle/internal/operations/BuildOperationWorker;Lorg/gradle/internal/operations/DefaultBuildOperationExecutor$BuildOperationState;)V+148
j  org.gradle.internal.operations.DefaultBuildOperationExecutor.run(Lorg/gradle/internal/operations/RunnableBuildOperation;)V+14
j  org.gradle.internal.operations.DelegatingBuildOperationExecutor.run(Lorg/gradle/internal/operations/RunnableBuildOperation;)V+5
j  org.gradle.initialization.DefaultGradleLauncher.configureBuild()V+23
j  org.gradle.initialization.DefaultGradleLauncher.doBuildStages(Lorg/gradle/initialization/DefaultGradleLauncher$Stage;)V+13
j  org.gradle.initialization.DefaultGradleLauncher.executeTasks()Lorg/gradle/api/internal/GradleInternal;+4
j  org.gradle.internal.invocation.GradleBuildController$1.call()Lorg/gradle/api/internal/GradleInternal;+7
j  org.gradle.internal.invocation.GradleBuildController$1.call()Ljava/lang/Object;+1
j  org.gradle.internal.work.DefaultWorkerLeaseService.withLocks(Ljava/lang/Iterable;Ljava/util/concurrent/Callable;)Ljava/lang/Object;+15
j  org.gradle.internal.work.StopShieldingWorkerLeaseService.withLocks(Ljava/lang/Iterable;Ljava/util/concurrent/Callable;)Ljava/lang/Object;+6
j  org.gradle.internal.invocation.GradleBuildController.doBuild(Ljava/util/concurrent/Callable;)Lorg/gradle/api/internal/GradleInternal;+17
j  org.gradle.internal.invocation.GradleBuildController.run()Lorg/gradle/api/internal/GradleInternal;+9
j  org.gradle.tooling.internal.provider.ExecuteBuildActionRunner.run(Lorg/gradle/internal/invocation/BuildAction;Lorg/gradle/internal/invocation/BuildController;)V+8
j  org.gradle.launcher.exec.ChainingBuildActionRunner.run(Lorg/gradle/internal/invocation/BuildAction;Lorg/gradle/internal/invocation/BuildController;)V+34
j  org.gradle.tooling.internal.provider.ValidatingBuildActionRunner.run(Lorg/gradle/internal/invocation/BuildAction;Lorg/gradle/internal/invocation/BuildController;)V+6
j  org.gradle.launcher.exec.RunAsBuildOperationBuildActionRunner$3.run(Lorg/gradle/internal/operations/BuildOperationContext;)V+69
j  org.gradle.internal.operations.DefaultBuildOperationExecutor$RunnableBuildOperationWorker.execute(Lorg/gradle/internal/operations/RunnableBuildOperation;Lorg/gradle/internal/operations/BuildOperationContext;)V+2
j  org.gradle.internal.operations.DefaultBuildOperationExecutor$RunnableBuildOperationWorker.execute(Lorg/gradle/internal/operations/BuildOperation;Lorg/gradle/internal/operations/BuildOperationContext;)V+6
j  org.gradle.internal.operations.DefaultBuildOperationExecutor.execute(Lorg/gradle/internal/operations/BuildOperation;Lorg/gradle/internal/operations/BuildOperationWorker;Lorg/gradle/internal/operations/DefaultBuildOperationExecutor$BuildOperationState;)V+148
j  org.gradle.internal.operations.DefaultBuildOperationExecutor.run(Lorg/gradle/internal/operations/RunnableBuildOperation;)V+14
j  org.gradle.internal.operations.DelegatingBuildOperationExecutor.run(Lorg/gradle/internal/operations/RunnableBuildOperation;)V+5
j  org.gradle.launcher.exec.RunAsBuildOperationBuildActionRunner.run(Lorg/gradle/internal/invocation/BuildAction;Lorg/gradle/internal/invocation/BuildController;)V+34
j  org.gradle.tooling.internal.provider.SubscribableBuildActionRunner.run(Lorg/gradle/internal/invocation/BuildAction;Lorg/gradle/internal/invocation/BuildController;)V+40
j  org.gradle.launcher.exec.InProcessBuildActionExecuter$1.transform(Lorg/gradle/internal/invocation/BuildController;)Ljava/lang/Object;+12
j  org.gradle.launcher.exec.InProcessBuildActionExecuter$1.transform(Ljava/lang/Object;)Ljava/lang/Object;+5
j  org.gradle.composite.internal.DefaultRootBuildState.run(Lorg/gradle/api/Transformer;)Ljava/lang/Object;+36
j  org.gradle.launcher.exec.InProcessBuildActionExecuter.execute(Lorg/gradle/internal/invocation/BuildAction;Lorg/gradle/initialization/BuildRequestContext;Lorg/gradle/launcher/exec/BuildActionParameters;Lorg/gradle/internal/service/ServiceRegistry;)Ljava/lang/Object;+68
j  org.gradle.launcher.exec.InProcessBuildActionExecuter.execute(Lorg/gradle/internal/invocation/BuildAction;Lorg/gradle/initialization/BuildRequestContext;Ljava/lang/Object;Lorg/gradle/internal/service/ServiceRegistry;)Ljava/lang/Object;+9
j  org.gradle.launcher.exec.BuildTreeScopeBuildActionExecuter.execute(Lorg/gradle/internal/invocation/BuildAction;Lorg/gradle/initialization/BuildRequestContext;Lorg/gradle/launcher/exec/BuildActionParameters;Lorg/gradle/internal/service/ServiceRegistry;)Ljava/lang/Object;+38
j  org.gradle.launcher.exec.BuildTreeScopeBuildActionExecuter.execute(Lorg/gradle/internal/invocation/BuildAction;Lorg/gradle/initialization/BuildRequestContext;Ljava/lang/Object;Lorg/gradle/internal/service/ServiceRegistry;)Ljava/lang/Object;+9
j  org.gradle.tooling.internal.provider.ContinuousBuildActionExecuter.execute(Lorg/gradle/internal/invocation/BuildAction;Lorg/gradle/initialization/BuildRequestContext;Lorg/gradle/launcher/exec/BuildActionParameters;Lorg/gradle/internal/service/ServiceRegistry;)Ljava/lang/Object;+63
j  org.gradle.tooling.internal.provider.ContinuousBuildActionExecuter.execute(Lorg/gradle/internal/invocation/BuildAction;Lorg/gradle/initialization/BuildRequestContext;Ljava/lang/Object;Lorg/gradle/internal/service/ServiceRegistry;)Ljava/lang/Object;+9
j  org.gradle.tooling.internal.provider.ServicesSetupBuildActionExecuter.execute(Lorg/gradle/internal/invocation/BuildAction;Lorg/gradle/initialization/BuildRequestContext;Lorg/gradle/launcher/exec/BuildActionParameters;Lorg/gradle/internal/service/ServiceRegistry;)Ljava/lang/Object;+107
j  org.gradle.tooling.internal.provider.ServicesSetupBuildActionExecuter.execute(Lorg/gradle/internal/invocation/BuildAction;Lorg/gradle/initialization/BuildRequestContext;Ljava/lang/Object;Lorg/gradle/internal/service/ServiceRegistry;)Ljava/lang/Object;+9
j  org.gradle.tooling.internal.provider.GradleThreadBuildActionExecuter.execute(Lorg/gradle/internal/invocation/BuildAction;Lorg/gradle/initialization/BuildRequestContext;Lorg/gradle/launcher/exec/BuildActionParameters;Lorg/gradle/internal/service/ServiceRegistry;)Ljava/lang/Object;+12
j  org.gradle.tooling.internal.provider.GradleThreadBuildActionExecuter.execute(Lorg/gradle/internal/invocation/BuildAction;Lorg/gradle/initialization/BuildRequestContext;Ljava/lang/Object;Lorg/gradle/internal/service/ServiceRegistry;)Ljava/lang/Object;+9
j  org.gradle.tooling.internal.provider.ParallelismConfigurationBuildActionExecuter.execute(Lorg/gradle/internal/invocation/BuildAction;Lorg/gradle/initialization/BuildRequestContext;Lorg/gradle/launcher/exec/BuildActionParameters;Lorg/gradle/internal/service/ServiceRegistry;)Ljava/lang/Object;+43
j  org.gradle.tooling.internal.provider.ParallelismConfigurationBuildActionExecuter.execute(Lorg/gradle/internal/invocation/BuildAction;Lorg/gradle/initialization/BuildRequestContext;Ljava/lang/Object;Lorg/gradle/internal/service/ServiceRegistry;)Ljava/lang/Object;+9
j  org.gradle.tooling.internal.provider.StartParamsValidatingActionExecuter.execute(Lorg/gradle/internal/invocation/BuildAction;Lorg/gradle/initialization/BuildRequestContext;Lorg/gradle/launcher/exec/BuildActionParameters;Lorg/gradle/internal/service/ServiceRegistry;)Ljava/lang/Object;+177
j  org.gradle.tooling.internal.provider.StartParamsValidatingActionExecuter.execute(Lorg/gradle/internal/invocation/BuildAction;Lorg/gradle/initialization/BuildRequestContext;Ljava/lang/Object;Lorg/gradle/internal/service/ServiceRegistry;)Ljava/lang/Object;+9
j  org.gradle.tooling.internal.provider.SessionFailureReportingActionExecuter.execute(Lorg/gradle/internal/invocation/BuildAction;Lorg/gradle/initialization/BuildRequestContext;Lorg/gradle/launcher/exec/BuildActionParameters;Lorg/gradle/internal/service/ServiceRegistry;)Ljava/lang/Object;+9
j  org.gradle.tooling.internal.provider.SessionFailureReportingActionExecuter.execute(Lorg/gradle/internal/invocation/BuildAction;Lorg/gradle/initialization/BuildRequestContext;Ljava/lang/Object;Lorg/gradle/internal/service/ServiceRegistry;)Ljava/lang/Object;+9
j  org.gradle.tooling.internal.provider.SetupLoggingActionExecuter.execute(Lorg/gradle/internal/invocation/BuildAction;Lorg/gradle/initialization/BuildRequestContext;Lorg/gradle/launcher/exec/BuildActionParameters;Lorg/gradle/internal/service/ServiceRegistry;)Ljava/lang/Object;+52
j  org.gradle.tooling.internal.provider.SetupLoggingActionExecuter.execute(Lorg/gradle/internal/invocation/BuildAction;Lorg/gradle/initialization/BuildRequestContext;Ljava/lang/Object;Lorg/gradle/internal/service/ServiceRegistry;)Ljava/lang/Object;+9
j  org.gradle.launcher.daemon.server.exec.ExecuteBuild.doBuild(Lorg/gradle/launcher/daemon/server/api/DaemonCommandExecution;Lorg/gradle/launcher/daemon/protocol/Build;)V+114
j  org.gradle.launcher.daemon.server.exec.BuildCommandOnly.execute(Lorg/gradle/launcher/daemon/server/api/DaemonCommandExecution;)V+49
j  org.gradle.launcher.daemon.server.api.DaemonCommandExecution.proceed()Z+28
j  org.gradle.launcher.daemon.server.exec.WatchForDisconnection.execute(Lorg/gradle/launcher/daemon/server/api/DaemonCommandExecution;)V+19
j  org.gradle.launcher.daemon.server.api.DaemonCommandExecution.proceed()Z+28
j  org.gradle.launcher.daemon.server.exec.ResetDeprecationLogger.execute(Lorg/gradle/launcher/daemon/server/api/DaemonCommandExecution;)V+4
j  org.gradle.launcher.daemon.server.api.DaemonCommandExecution.proceed()Z+28
j  org.gradle.launcher.daemon.server.exec.RequestStopIfSingleUsedDaemon.execute(Lorg/gradle/launcher/daemon/server/api/DaemonCommandExecution;)V+33
j  org.gradle.launcher.daemon.server.api.DaemonCommandExecution.proceed()Z+28
j  org.gradle.launcher.daemon.server.exec.ForwardClientInput$2.call()Ljava/lang/Void;+4
j  org.gradle.launcher.daemon.server.exec.ForwardClientInput$2.call()Ljava/lang/Object;+1
j  org.gradle.util.Swapper.swap(Ljava/lang/Object;Ljava/util/concurrent/Callable;)Ljava/lang/Object;+21
j  org.gradle.launcher.daemon.server.exec.ForwardClientInput.execute(Lorg/gradle/launcher/daemon/server/api/DaemonCommandExecution;)V+63
j  org.gradle.launcher.daemon.server.api.DaemonCommandExecution.proceed()Z+28
j  org.gradle.launcher.daemon.server.exec.LogAndCheckHealth.execute(Lorg/gradle/launcher/daemon/server/api/DaemonCommandExecution;)V+28
j  org.gradle.launcher.daemon.server.api.DaemonCommandExecution.proceed()Z+28
j  org.gradle.launcher.daemon.server.exec.LogToClient.doBuild(Lorg/gradle/launcher/daemon/server/api/DaemonCommandExecution;Lorg/gradle/launcher/daemon/protocol/Build;)V+87
j  org.gradle.launcher.daemon.server.exec.BuildCommandOnly.execute(Lorg/gradle/launcher/daemon/server/api/DaemonCommandExecution;)V+49
j  org.gradle.launcher.daemon.server.api.DaemonCommandExecution.proceed()Z+28
j  org.gradle.launcher.daemon.server.exec.EstablishBuildEnvironment.doBuild(Lorg/gradle/launcher/daemon/server/api/DaemonCommandExecution;Lorg/gradle/launcher/daemon/protocol/Build;)V+365
j  org.gradle.launcher.daemon.server.exec.BuildCommandOnly.execute(Lorg/gradle/launcher/daemon/server/api/DaemonCommandExecution;)V+49
j  org.gradle.launcher.daemon.server.api.DaemonCommandExecution.proceed()Z+28
j  org.gradle.launcher.daemon.server.exec.StartBuildOrRespondWithBusy$1.run()V+44
j  org.gradle.launcher.daemon.server.DaemonStateCoordinator$1.run()V+4
j  org.gradle.internal.concurrent.ExecutorPolicy$CatchAndRecordFailures.onExecute(Ljava/lang/Runnable;)V+1
j  org.gradle.internal.concurrent.ManagedExecutorImpl$1.run()V+25
j  java.util.concurrent.ThreadPoolExecutor.runWorker(Ljava/util/concurrent/ThreadPoolExecutor$Worker;)V+95
j  java.util.concurrent.ThreadPoolExecutor$Worker.run()V+5
j  org.gradle.internal.concurrent.ThreadFactoryImpl$ManagedThreadRunnable.run()V+7
j  java.lang.Thread.run()V+11
v  ~StubRoutines::call_stub

---------------  P R O C E S S  ---------------

Java Threads: ( => current thread )
  0x00007ffbdb020000 JavaThread "Cache worker for journal cache (/Users/end-i/.gradle/caches/journal-1)" [_thread_blocked, id=24323, stack(0x00007000040d2000,0x00007000041d2000)]
  0x00007ffbd9e52800 JavaThread "Cache worker for file hash cache (/Users/end-i/Documents/test/test6/android/.gradle/4.10.1/fileHashes)" [_thread_blocked, id=42243, stack(0x0000700003fcf000,0x00007000040cf000)]
  0x00007ffbd83f9800 JavaThread "File lock request listener" [_thread_in_native, id=42499, stack(0x0000700003ecc000,0x0000700003fcc000)]
  0x00007ffbd9e54800 JavaThread "Cache worker for file hash cache (/Users/end-i/.gradle/caches/4.10.1/fileHashes)" [_thread_blocked, id=23299, stack(0x0000700003dc9000,0x0000700003ec9000)]
  0x00007ffbd8af7800 JavaThread "Stdin handler" [_thread_blocked, id=22787, stack(0x0000700003cc6000,0x0000700003dc6000)]
  0x00007ffbd8af6800 JavaThread "Asynchronous log dispatcher for DefaultDaemonConnection: socket connection from /0:0:0:0:0:0:0:1:50770 to /0:0:0:0:0:0:0:1:50771" [_thread_blocked, id=22275, stack(0x0000700003bc3000,0x0000700003cc3000)]
=>0x00007ffbd8387800 JavaThread "Daemon worker" [_thread_in_vm, id=42755, stack(0x0000700003ac0000,0x0000700003bc0000)]
  0x00007ffbd8af5000 JavaThread "Cancel handler" [_thread_blocked, id=43267, stack(0x00007000039bd000,0x0000700003abd000)]
  0x00007ffbd8b12000 JavaThread "Handler for socket connection from /0:0:0:0:0:0:0:1:50770 to /0:0:0:0:0:0:0:1:50771" [_thread_in_native, id=16387, stack(0x00007000038ba000,0x00007000039ba000)]
  0x00007ffbd89f9000 JavaThread "Daemon" [_thread_blocked, id=16131, stack(0x00007000037b7000,0x00007000038b7000)]
  0x00007ffbd9e33800 JavaThread "Daemon periodic checks" [_thread_blocked, id=15875, stack(0x00007000036b4000,0x00007000037b4000)]
  0x00007ffbd9772000 JavaThread "Incoming local TCP Connector on port 50770" [_thread_in_native, id=15619, stack(0x00007000035b1000,0x00007000036b1000)]
  0x00007ffbd9c49800 JavaThread "Daemon health stats" [_thread_blocked, id=15107, stack(0x00007000034ae000,0x00007000035ae000)]
  0x00007ffbd8067000 JavaThread "Service Thread" daemon [_thread_blocked, id=17923, stack(0x00007000032a8000,0x00007000033a8000)]
  0x00007ffbd805c000 JavaThread "C1 CompilerThread2" daemon [_thread_blocked, id=14339, stack(0x00007000031a5000,0x00007000032a5000)]
  0x00007ffbd805b800 JavaThread "C2 CompilerThread1" daemon [_thread_in_native, id=18435, stack(0x00007000030a2000,0x00007000031a2000)]
  0x00007ffbd9848000 JavaThread "C2 CompilerThread0" daemon [_thread_in_native, id=13827, stack(0x0000700002f9f000,0x000070000309f000)]
  0x00007ffbd8808000 JavaThread "Signal Dispatcher" daemon [_thread_blocked, id=18955, stack(0x0000700002e9c000,0x0000700002f9c000)]
  0x00007ffbd8807000 JavaThread "Finalizer" daemon [_thread_blocked, id=11267, stack(0x0000700002d99000,0x0000700002e99000)]
  0x00007ffbd8026800 JavaThread "Reference Handler" daemon [_thread_blocked, id=20227, stack(0x0000700002c96000,0x0000700002d96000)]
  0x00007ffbd8009800 JavaThread "main" [_thread_blocked, id=10243, stack(0x0000700002684000,0x0000700002784000)]

Other Threads:
  0x00007ffbd9847800 VMThread [stack: 0x0000700002b93000,0x0000700002c93000] [id=20739]
  0x00007ffbd902c000 WatcherThread [stack: 0x00007000033ab000,0x00007000034ab000] [id=17411]

VM state:not at safepoint (normal execution)

VM Mutex/Monitor currently owned by a thread: None

heap address: 0x0000000780000000, size: 1024 MB, Compressed Oops mode: Zero based, Oop shift amount: 3
Narrow klass base: 0x0000000000000000, Narrow klass shift: 3
Compressed class space size: 1073741824 Address: 0x00000007c0000000

Heap:
 PSYoungGen      total 141824K, used 60103K [0x00000007aab00000, 0x00000007bc000000, 0x00000007c0000000)
  eden space 131072K, 45% used [0x00000007aab00000,0x00000007ae5b1f78,0x00000007b2b00000)
  from space 10752K, 0% used [0x00000007b2b00000,0x00000007b2b00000,0x00000007b3580000)
  to   space 10752K, 0% used [0x00000007bb580000,0x00000007bb580000,0x00000007bc000000)
 ParOldGen       total 112128K, used 9327K [0x0000000780000000, 0x0000000786d80000, 0x00000007aab00000)
  object space 112128K, 8% used [0x0000000780000000,0x000000078091bfc8,0x0000000786d80000)
 Metaspace       used 26089K, capacity 26362K, committed 26624K, reserved 1073152K
  class space    used 3638K, capacity 3778K, committed 3840K, reserved 1048576K

Card table byte_map: [0x0000000106f79000,0x000000010717a000] byte_map_base: 0x0000000103379000

Marking Bits: (ParMarkBitMap*) 0x00000001064fbe40
 Begin Bits: [0x00000001072d0000, 0x00000001082d0000)
 End Bits:   [0x00000001082d0000, 0x00000001092d0000)

Polling page: 0x0000000105288000

CodeCache: size=245760Kb used=6897Kb max_used=6897Kb free=238862Kb
 bounds [0x0000000109ffd000, 0x000000010a6bd000, 0x0000000118ffd000]
 total_blobs=2482 nmethods=1832 adapters=563
 compilation: enabled

Compilation events (10 events):
Event: 2,901 Thread 0x00007ffbd805c000 1852       2       java.lang.Class::getAnnotation (22 bytes)
Event: 2,901 Thread 0x00007ffbd805c000 nmethod 1852 0x000000010a6ba590 code [0x000000010a6ba720, 0x000000010a6ba9c8]
Event: 2,901 Thread 0x00007ffbd805c000 1849       2       org.gradle.internal.reflect.PropertyAccessorType::propertyNameFor (14 bytes)
Event: 2,901 Thread 0x00007ffbd805c000 nmethod 1849 0x000000010a6bab50 code [0x000000010a6bacc0, 0x000000010a6bae58]
Event: 2,901 Thread 0x00007ffbd805c000 1854       2       org.objectweb.asm.MethodWriter::visitCode (1 bytes)
Event: 2,901 Thread 0x00007ffbd805c000 nmethod 1854 0x000000010a6baf50 code [0x000000010a6bb0a0, 0x000000010a6bb1f0]
Event: 2,901 Thread 0x00007ffbd805c000 1855       2       org.objectweb.asm.MethodWriter::visitMaxs (60 bytes)
Event: 2,901 Thread 0x00007ffbd805c000 nmethod 1855 0x000000010a6bb290 code [0x000000010a6bb400, 0x000000010a6bb5d8]
Event: 2,901 Thread 0x00007ffbd805c000 1853       1       org.gradle.api.internal.AbstractClassGenerator$ClassMetaData::isExtensible (5 bytes)
Event: 2,901 Thread 0x00007ffbd805c000 nmethod 1853 0x000000010a6bb690 code [0x000000010a6bb7e0, 0x000000010a6bb8f0]

GC Heap History (8 events):
Event: 0,843 GC heap before
{Heap before GC invocations=1 (full 0):
 PSYoungGen      total 76288K, used 65536K [0x00000007aab00000, 0x00000007b0000000, 0x00000007c0000000)
  eden space 65536K, 100% used [0x00000007aab00000,0x00000007aeb00000,0x00000007aeb00000)
  from space 10752K, 0% used [0x00000007af580000,0x00000007af580000,0x00000007b0000000)
  to   space 10752K, 0% used [0x00000007aeb00000,0x00000007aeb00000,0x00000007af580000)
 ParOldGen       total 175104K, used 0K [0x0000000780000000, 0x000000078ab00000, 0x00000007aab00000)
  object space 175104K, 0% used [0x0000000780000000,0x0000000780000000,0x000000078ab00000)
 Metaspace       used 10075K, capacity 10318K, committed 10496K, reserved 1058816K
  class space    used 1378K, capacity 1456K, committed 1536K, reserved 1048576K
Event: 0,852 GC heap after
Heap after GC invocations=1 (full 0):
 PSYoungGen      total 76288K, used 7556K [0x00000007aab00000, 0x00000007b4000000, 0x00000007c0000000)
  eden space 65536K, 0% used [0x00000007aab00000,0x00000007aab00000,0x00000007aeb00000)
  from space 10752K, 70% used [0x00000007aeb00000,0x00000007af261210,0x00000007af580000)
  to   space 10752K, 0% used [0x00000007b3580000,0x00000007b3580000,0x00000007b4000000)
 ParOldGen       total 175104K, used 16K [0x0000000780000000, 0x000000078ab00000, 0x00000007aab00000)
  object space 175104K, 0% used [0x0000000780000000,0x0000000780004000,0x000000078ab00000)
 Metaspace       used 10075K, capacity 10318K, committed 10496K, reserved 1058816K
  class space    used 1378K, capacity 1456K, committed 1536K, reserved 1048576K
}
Event: 1,412 GC heap before
{Heap before GC invocations=2 (full 0):
 PSYoungGen      total 76288K, used 73092K [0x00000007aab00000, 0x00000007b4000000, 0x00000007c0000000)
  eden space 65536K, 100% used [0x00000007aab00000,0x00000007aeb00000,0x00000007aeb00000)
  from space 10752K, 70% used [0x00000007aeb00000,0x00000007af261210,0x00000007af580000)
  to   space 10752K, 0% used [0x00000007b3580000,0x00000007b3580000,0x00000007b4000000)
 ParOldGen       total 175104K, used 16K [0x0000000780000000, 0x000000078ab00000, 0x00000007aab00000)
  object space 175104K, 0% used [0x0000000780000000,0x0000000780004000,0x000000078ab00000)
 Metaspace       used 15875K, capacity 16158K, committed 16384K, reserved 1062912K
  class space    used 2364K, capacity 2514K, committed 2560K, reserved 1048576K
Event: 1,422 GC heap after
Heap after GC invocations=2 (full 0):
 PSYoungGen      total 141824K, used 10483K [0x00000007aab00000, 0x00000007b4000000, 0x00000007c0000000)
  eden space 131072K, 0% used [0x00000007aab00000,0x00000007aab00000,0x00000007b2b00000)
  from space 10752K, 97% used [0x00000007b3580000,0x00000007b3fbcc90,0x00000007b4000000)
  to   space 10752K, 0% used [0x00000007b2b00000,0x00000007b2b00000,0x00000007b3580000)
 ParOldGen       total 175104K, used 24K [0x0000000780000000, 0x000000078ab00000, 0x00000007aab00000)
  object space 175104K, 0% used [0x0000000780000000,0x0000000780006000,0x000000078ab00000)
 Metaspace       used 15875K, capacity 16158K, committed 16384K, reserved 1062912K
  class space    used 2364K, capacity 2514K, committed 2560K, reserved 1048576K
}
Event: 2,237 GC heap before
{Heap before GC invocations=3 (full 0):
 PSYoungGen      total 141824K, used 42008K [0x00000007aab00000, 0x00000007b4000000, 0x00000007c0000000)
  eden space 131072K, 24% used [0x00000007aab00000,0x00000007ac9c93c8,0x00000007b2b00000)
  from space 10752K, 97% used [0x00000007b3580000,0x00000007b3fbcc90,0x00000007b4000000)
  to   space 10752K, 0% used [0x00000007b2b00000,0x00000007b2b00000,0x00000007b3580000)
 ParOldGen       total 175104K, used 24K [0x0000000780000000, 0x000000078ab00000, 0x00000007aab00000)
  object space 175104K, 0% used [0x0000000780000000,0x0000000780006000,0x000000078ab00000)
 Metaspace       used 20769K, capacity 21060K, committed 21296K, reserved 1067008K
  class space    used 2982K, capacity 3123K, committed 3200K, reserved 1048576K
Event: 2,245 GC heap after
Heap after GC invocations=3 (full 0):
 PSYoungGen      total 141824K, used 9570K [0x00000007aab00000, 0x00000007bc000000, 0x00000007c0000000)
  eden space 131072K, 0% used [0x00000007aab00000,0x00000007aab00000,0x00000007b2b00000)
  from space 10752K, 89% used [0x00000007b2b00000,0x00000007b3458ae0,0x00000007b3580000)
  to   space 10752K, 0% used [0x00000007bb580000,0x00000007bb580000,0x00000007bc000000)
 ParOldGen       total 175104K, used 32K [0x0000000780000000, 0x000000078ab00000, 0x00000007aab00000)
  object space 175104K, 0% used [0x0000000780000000,0x0000000780008000,0x000000078ab00000)
 Metaspace       used 20769K, capacity 21060K, committed 21296K, reserved 1067008K
  class space    used 2982K, capacity 3123K, committed 3200K, reserved 1048576K
}
Event: 2,245 GC heap before
{Heap before GC invocations=4 (full 1):
 PSYoungGen      total 141824K, used 9570K [0x00000007aab00000, 0x00000007bc000000, 0x00000007c0000000)
  eden space 131072K, 0% used [0x00000007aab00000,0x00000007aab00000,0x00000007b2b00000)
  from space 10752K, 89% used [0x00000007b2b00000,0x00000007b3458ae0,0x00000007b3580000)
  to   space 10752K, 0% used [0x00000007bb580000,0x00000007bb580000,0x00000007bc000000)
 ParOldGen       total 175104K, used 32K [0x0000000780000000, 0x000000078ab00000, 0x00000007aab00000)
  object space 175104K, 0% used [0x0000000780000000,0x0000000780008000,0x000000078ab00000)
 Metaspace       used 20769K, capacity 21060K, committed 21296K, reserved 1067008K
  class space    used 2982K, capacity 3123K, committed 3200K, reserved 1048576K
Event: 2,280 GC heap after
Heap after GC invocations=4 (full 1):
 PSYoungGen      total 141824K, used 0K [0x00000007aab00000, 0x00000007bc000000, 0x00000007c0000000)
  eden space 131072K, 0% used [0x00000007aab00000,0x00000007aab00000,0x00000007b2b00000)
  from space 10752K, 0% used [0x00000007b2b00000,0x00000007b2b00000,0x00000007b3580000)
  to   space 10752K, 0% used [0x00000007bb580000,0x00000007bb580000,0x00000007bc000000)
 ParOldGen       total 112128K, used 9327K [0x0000000780000000, 0x0000000786d80000, 0x00000007aab00000)
  object space 112128K, 8% used [0x0000000780000000,0x000000078091bfc8,0x0000000786d80000)
 Metaspace       used 20769K, capacity 21060K, committed 21296K, reserved 1067008K
  class space    used 2982K, capacity 3123K, committed 3200K, reserved 1048576K
}

Deoptimization events (10 events):
Event: 2,677 Thread 0x00007ffbd8387800 Uncommon trap: reason=unstable_if action=reinterpret pc=0x000000010a20c8a0 method=java.util.HashMap.getNode(ILjava/lang/Object;)Ljava/util/HashMap$Node; @ 53
Event: 2,677 Thread 0x00007ffbd8387800 Uncommon trap: reason=unstable_if action=reinterpret pc=0x000000010a2cc1b0 method=java.util.HashMap.hash(Ljava/lang/Object;)I @ 1
Event: 2,677 Thread 0x00007ffbd8387800 Uncommon trap: reason=unstable_if action=reinterpret pc=0x000000010a38f080 method=java.util.HashMap.putVal(ILjava/lang/Object;Ljava/lang/Object;ZZ)Ljava/lang/Object; @ 85
Event: 2,688 Thread 0x00007ffbd8387800 Uncommon trap: reason=unstable_if action=reinterpret pc=0x000000010a292834 method=java.util.LinkedHashMap.afterNodeInsertion(Z)V @ 1
Event: 2,820 Thread 0x00007ffbd8387800 Uncommon trap: reason=class_check action=maybe_recompile pc=0x000000010a650fd8 method=sun.misc.URLClassPath.getLoader(I)Lsun/misc/URLClassPath$Loader; @ 94
Event: 2,822 Thread 0x00007ffbd8387800 Uncommon trap: reason=class_check action=maybe_recompile pc=0x000000010a6517cc method=sun.misc.URLClassPath.getLoader(I)Lsun/misc/URLClassPath$Loader; @ 239
Event: 2,823 Thread 0x00007ffbd8387800 Uncommon trap: reason=class_check action=maybe_recompile pc=0x000000010a6517cc method=sun.misc.URLClassPath.getLoader(I)Lsun/misc/URLClassPath$Loader; @ 239
Event: 2,825 Thread 0x00007ffbd8387800 Uncommon trap: reason=class_check action=maybe_recompile pc=0x000000010a6517cc method=sun.misc.URLClassPath.getLoader(I)Lsun/misc/URLClassPath$Loader; @ 239
Event: 2,870 Thread 0x00007ffbd8387800 Uncommon trap: reason=class_check action=maybe_recompile pc=0x000000010a52b628 method=sun.misc.URLClassPath.getLoader(I)Lsun/misc/URLClassPath$Loader; @ 239
Event: 2,883 Thread 0x00007ffbd8387800 Uncommon trap: reason=unstable_if action=reinterpret pc=0x000000010a272fd0 method=java.io.UnixFileSystem.resolve(Ljava/lang/String;Ljava/lang/String;)Ljava/lang/String; @ 18

Classes redefined (0 events):
No events

Internal exceptions (10 events):
Event: 2,823 Thread 0x00007ffbd8387800 Exception <a 'java/lang/ClassNotFoundException': org/gradle/api/internal/project/ProjectScriptCustomizer> (0x00000007add29368) thrown at [/Users/java_re/workspace/8-2-build-macosx-x86_64/jdk8u201/12322/hotspot/src/share/vm/classfile/systemDictionary.cpp, 
Event: 2,824 Thread 0x00007ffbd8387800 Exception <a 'java/lang/ClassNotFoundException': build_d70ai8m0y34y1309z2acwqadcCustomizer> (0x00000007add49290) thrown at [/Users/java_re/workspace/8-2-build-macosx-x86_64/jdk8u201/12322/hotspot/src/share/vm/classfile/systemDictionary.cpp, line 210]
Event: 2,829 Thread 0x00007ffbd8387800 Exception <a 'java/lang/ClassNotFoundException': groovy/lang/Closure$1BeanInfo> (0x00000007addb1640) thrown at [/Users/java_re/workspace/8-2-build-macosx-x86_64/jdk8u201/12322/hotspot/src/share/vm/classfile/systemDictionary.cpp, line 210]
Event: 2,830 Thread 0x00007ffbd8387800 Exception <a 'java/lang/ClassNotFoundException': groovy/lang/ClosureBeanInfo> (0x00000007addd4588) thrown at [/Users/java_re/workspace/8-2-build-macosx-x86_64/jdk8u201/12322/hotspot/src/share/vm/classfile/systemDictionary.cpp, line 210]
Event: 2,831 Thread 0x00007ffbd8387800 Exception <a 'java/lang/ClassNotFoundException': groovy/lang/ClosureCustomizer> (0x00000007addf81a8) thrown at [/Users/java_re/workspace/8-2-build-macosx-x86_64/jdk8u201/12322/hotspot/src/share/vm/classfile/systemDictionary.cpp, line 210]
Event: 2,833 Thread 0x00007ffbd8387800 Exception <a 'java/lang/ClassNotFoundException': groovy/lang/Closure$1Customizer> (0x00000007ade44600) thrown at [/Users/java_re/workspace/8-2-build-macosx-x86_64/jdk8u201/12322/hotspot/src/share/vm/classfile/systemDictionary.cpp, line 210]
Event: 2,868 Thread 0x00007ffbd8387800 Exception <a 'java/lang/ClassNotFoundException': org/gradle/internal/metaobject/ConfigureDelegateBeanInfo> (0x00000007ae0cdd90) thrown at [/Users/java_re/workspace/8-2-build-macosx-x86_64/jdk8u201/12322/hotspot/src/share/vm/classfile/systemDictionary.cpp,
Event: 2,869 Thread 0x00007ffbd8387800 Exception <a 'java/lang/ClassNotFoundException': org/gradle/internal/metaobject/ConfigureDelegateCustomizer> (0x00000007ae0f7ca8) thrown at [/Users/java_re/workspace/8-2-build-macosx-x86_64/jdk8u201/12322/hotspot/src/share/vm/classfile/systemDictionary.cp
Event: 2,873 Thread 0x00007ffbd8387800 Exception <a 'java/lang/ClassNotFoundException': org/gradle/api/internal/initialization/DefaultScriptHandlerBeanInfo> (0x00000007ae170b50) thrown at [/Users/java_re/workspace/8-2-build-macosx-x86_64/jdk8u201/12322/hotspot/src/share/vm/classfile/systemDict
Event: 2,874 Thread 0x00007ffbd8387800 Exception <a 'java/lang/ClassNotFoundException': org/gradle/api/internal/initialization/DefaultScriptHandlerCustomizer> (0x00000007ae1a14c8) thrown at [/Users/java_re/workspace/8-2-build-macosx-x86_64/jdk8u201/12322/hotspot/src/share/vm/classfile/systemDi

Events (10 events):
Event: 2,898 loading class org/gradle/api/artifacts/repositories/MavenArtifactRepository
Event: 2,898 loading class org/gradle/api/artifacts/repositories/MavenArtifactRepository done
Event: 2,898 loading class org/gradle/api/artifacts/repositories/AuthenticationSupported
Event: 2,898 loading class org/gradle/api/artifacts/repositories/AuthenticationSupported done
Event: 2,898 loading class org/gradle/api/artifacts/repositories/MetadataSupplierAware
Event: 2,898 loading class org/gradle/api/artifacts/repositories/MetadataSupplierAware done
Event: 2,898 loading class org/gradle/api/artifacts/repositories/FlatDirectoryArtifactRepository
Event: 2,898 loading class org/gradle/api/artifacts/repositories/FlatDirectoryArtifactRepository done
Event: 2,898 loading class org/gradle/api/artifacts/repositories/IvyArtifactRepository
Event: 2,898 loading class org/gradle/api/artifacts/repositories/IvyArtifactRepository done


Dynamic libraries:
0x00007fff43541000 	/System/Library/Frameworks/Cocoa.framework/Versions/A/Cocoa
0x00007fff4fb5d000 	/System/Library/Frameworks/Security.framework/Versions/A/Security
0x00007fff42182000 	/System/Library/Frameworks/ApplicationServices.framework/Versions/A/ApplicationServices
0x00007fff6ba95000 	/usr/lib/libz.1.dylib
0x00007fff699c6000 	/usr/lib/libSystem.B.dylib
0x00007fff6b07f000 	/usr/lib/libobjc.A.dylib
0x00007fff43cf4000 	/System/Library/Frameworks/CoreFoundation.framework/Versions/A/CoreFoundation
0x00007fff45e56000 	/System/Library/Frameworks/Foundation.framework/Versions/C/Foundation
0x00007fff412d2000 	/System/Library/Frameworks/AppKit.framework/Versions/C/AppKit
0x00007fff438b9000 	/System/Library/Frameworks/CoreData.framework/Versions/A/CoreData
0x00007fff6327f000 	/System/Library/PrivateFrameworks/RemoteViewServices.framework/Versions/A/RemoteViewServices
0x00007fff679f8000 	/System/Library/PrivateFrameworks/UIFoundation.framework/Versions/A/UIFoundation
0x00007fff58073000 	/System/Library/PrivateFrameworks/DFRFoundation.framework/Versions/A/DFRFoundation
0x00007fff484c3000 	/System/Library/Frameworks/Metal.framework/Versions/A/Metal
0x00007fff58210000 	/System/Library/PrivateFrameworks/DesktopServicesPriv.framework/Versions/A/DesktopServicesPriv
0x00007fff6a5cc000 	/usr/lib/libenergytrace.dylib
0x00007fff65a64000 	/System/Library/PrivateFrameworks/SkyLight.framework/Versions/A/SkyLight
0x00007fff44197000 	/System/Library/Frameworks/CoreGraphics.framework/Versions/A/CoreGraphics
0x00007fff699c1000 	/usr/lib/libScreenReader.dylib
0x00007fff4026c000 	/System/Library/Frameworks/Accelerate.framework/Versions/A/Accelerate
0x00007fff465d1000 	/System/Library/Frameworks/IOSurface.framework/Versions/A/IOSurface
0x00007fff426cc000 	/System/Library/Frameworks/AudioToolbox.framework/Versions/A/AudioToolbox
0x00007fff4295c000 	/System/Library/Frameworks/AudioUnit.framework/Versions/A/AudioUnit
0x00007fff5810b000 	/System/Library/PrivateFrameworks/DataDetectorsCore.framework/Versions/A/DataDetectorsCore
0x00007fff43034000 	/System/Library/Frameworks/Carbon.framework/Versions/A/Frameworks/HIToolbox.framework/Versions/A/HIToolbox
0x00007fff6a726000 	/usr/lib/libicucore.A.dylib
0x00007fff4f0db000 	/System/Library/Frameworks/QuartzCore.framework/Versions/A/QuartzCore
0x00007fff64d06000 	/System/Library/PrivateFrameworks/SignpostNotification.framework/Versions/A/SignpostNotification
0x00007fff4341a000 	/System/Library/Frameworks/Carbon.framework/Versions/A/Frameworks/SpeechRecognition.framework/Versions/A/SpeechRecognition
0x00007fff69b22000 	/usr/lib/libauto.dylib
0x00007fff6b984000 	/usr/lib/libxml2.2.dylib
0x00007fff57cc3000 	/System/Library/PrivateFrameworks/CoreUI.framework/Versions/A/CoreUI
0x00007fff43795000 	/System/Library/Frameworks/CoreAudio.framework/Versions/A/CoreAudio
0x00007fff45c90000 	/System/Library/Frameworks/DiskArbitration.framework/Versions/A/DiskArbitration
0x00007fff6a99a000 	/usr/lib/liblangid.dylib
0x00007fff5f77e000 	/System/Library/PrivateFrameworks/MultitouchSupport.framework/Versions/A/MultitouchSupport
0x00007fff46533000 	/System/Library/Frameworks/IOKit.framework/Versions/A/IOKit
0x00007fff69650000 	/usr/lib/libDiagnosticMessagesClient.dylib
0x00007fff44e6d000 	/System/Library/Frameworks/CoreServices.framework/Versions/A/CoreServices
0x00007fff612b7000 	/System/Library/PrivateFrameworks/PerformanceAnalysis.framework/Versions/A/PerformanceAnalysis
0x00007fff4e27d000 	/System/Library/Frameworks/OpenGL.framework/Versions/A/OpenGL
0x00007fff4354f000 	/System/Library/Frameworks/ColorSync.framework/Versions/A/ColorSync
0x00007fff447a9000 	/System/Library/Frameworks/CoreImage.framework/Versions/A/CoreImage
0x00007fff457fe000 	/System/Library/Frameworks/CoreText.framework/Versions/A/CoreText
0x00007fff4662f000 	/System/Library/Frameworks/ImageIO.framework/Versions/A/ImageIO
0x00007fff5496f000 	/System/Library/PrivateFrameworks/Backup.framework/Versions/A/Backup
0x00007fff69a72000 	/usr/lib/libarchive.2.dylib
0x00007fff42c7f000 	/System/Library/Frameworks/CFNetwork.framework/Versions/A/CFNetwork
0x00007fff502f0000 	/System/Library/Frameworks/SystemConfiguration.framework/Versions/A/SystemConfiguration
0x00007fff69579000 	/usr/lib/libCRFSuite.dylib
0x00007fff69bfb000 	/usr/lib/libc++.1.dylib
0x00007fff69c52000 	/usr/lib/libc++abi.dylib
0x00007fff6bb43000 	/usr/lib/system/libcache.dylib
0x00007fff6bb48000 	/usr/lib/system/libcommonCrypto.dylib
0x00007fff6bb53000 	/usr/lib/system/libcompiler_rt.dylib
0x00007fff6bb5b000 	/usr/lib/system/libcopyfile.dylib
0x00007fff6bb65000 	/usr/lib/system/libcorecrypto.dylib
0x00007fff6bc72000 	/usr/lib/system/libdispatch.dylib
0x00007fff6bcac000 	/usr/lib/system/libdyld.dylib
0x00007fff6bcca000 	/usr/lib/system/libkeymgr.dylib
0x00007fff6bcd8000 	/usr/lib/system/liblaunch.dylib
0x00007fff6bcd9000 	/usr/lib/system/libmacho.dylib
0x00007fff6bcde000 	/usr/lib/system/libquarantine.dylib
0x00007fff6bce1000 	/usr/lib/system/libremovefile.dylib
0x00007fff6bce3000 	/usr/lib/system/libsystem_asl.dylib
0x00007fff6bcfb000 	/usr/lib/system/libsystem_blocks.dylib
0x00007fff6bcfc000 	/usr/lib/system/libsystem_c.dylib
0x00007fff6bd86000 	/usr/lib/system/libsystem_configuration.dylib
0x00007fff6bd8a000 	/usr/lib/system/libsystem_coreservices.dylib
0x00007fff6bd8e000 	/usr/lib/system/libsystem_darwin.dylib
0x00007fff6bd90000 	/usr/lib/system/libsystem_dnssd.dylib
0x00007fff6bd97000 	/usr/lib/system/libsystem_info.dylib
0x00007fff6be08000 	/usr/lib/system/libsystem_m.dylib
0x00007fff6be54000 	/usr/lib/system/libsystem_malloc.dylib
0x00007fff6be74000 	/usr/lib/system/libsystem_network.dylib
0x00007fff6bfa5000 	/usr/lib/system/libsystem_networkextension.dylib
0x00007fff6bfb0000 	/usr/lib/system/libsystem_notify.dylib
0x00007fff6bfce000 	/usr/lib/system/libsystem_sandbox.dylib
0x00007fff6bfd2000 	/usr/lib/system/libsystem_secinit.dylib
0x00007fff6bde1000 	/usr/lib/system/libsystem_kernel.dylib
0x00007fff6bfba000 	/usr/lib/system/libsystem_platform.dylib
0x00007fff6bfc2000 	/usr/lib/system/libsystem_pthread.dylib
0x00007fff6bfd4000 	/usr/lib/system/libsystem_symptoms.dylib
0x00007fff6bfdc000 	/usr/lib/system/libsystem_trace.dylib
0x00007fff6bff1000 	/usr/lib/system/libunwind.dylib
0x00007fff6bff7000 	/usr/lib/system/libxpc.dylib
0x00007fff6948c000 	/usr/lib/closure/libclosured.dylib
0x00007fff69bdc000 	/usr/lib/libbsm.0.dylib
0x00007fff6bccb000 	/usr/lib/system/libkxld.dylib
0x00007fff6988a000 	/usr/lib/libOpenScriptingUtil.dylib
0x00007fff69f4b000 	/usr/lib/libcoretls.dylib
0x00007fff69f64000 	/usr/lib/libcoretls_cfhelpers.dylib
0x00007fff6b480000 	/usr/lib/libpam.2.dylib
0x00007fff6b5a7000 	/usr/lib/libsqlite3.dylib
0x00007fff6b973000 	/usr/lib/libxar.1.dylib
0x00007fff69bed000 	/usr/lib/libbz2.1.0.dylib
0x00007fff6a99c000 	/usr/lib/liblzma.5.dylib
0x00007fff6ae7d000 	/usr/lib/libnetwork.dylib
0x00007fff69a5b000 	/usr/lib/libapple_nghttp2.dylib
0x00007fff6b487000 	/usr/lib/libpcap.A.dylib
0x00007fff69b23000 	/usr/lib/libboringssl.dylib
0x00007fff6b90e000 	/usr/lib/libusrtcp.dylib
0x00007fff69a5a000 	/usr/lib/libapple_crypto.dylib
0x00007fff451f0000 	/System/Library/Frameworks/CoreServices.framework/Versions/A/Frameworks/FSEvents.framework/Versions/A/FSEvents
0x00007fff44ee3000 	/System/Library/Frameworks/CoreServices.framework/Versions/A/Frameworks/CarbonCore.framework/Versions/A/CarbonCore
0x00007fff453b8000 	/System/Library/Frameworks/CoreServices.framework/Versions/A/Frameworks/Metadata.framework/Versions/A/Metadata
0x00007fff45469000 	/System/Library/Frameworks/CoreServices.framework/Versions/A/Frameworks/OSServices.framework/Versions/A/OSServices
0x00007fff454ca000 	/System/Library/Frameworks/CoreServices.framework/Versions/A/Frameworks/SearchKit.framework/Versions/A/SearchKit
0x00007fff44e6e000 	/System/Library/Frameworks/CoreServices.framework/Versions/A/Frameworks/AE.framework/Versions/A/AE
0x00007fff451f9000 	/System/Library/Frameworks/CoreServices.framework/Versions/A/Frameworks/LaunchServices.framework/Versions/A/LaunchServices
0x00007fff451bb000 	/System/Library/Frameworks/CoreServices.framework/Versions/A/Frameworks/DictionaryServices.framework/Versions/A/DictionaryServices
0x00007fff45539000 	/System/Library/Frameworks/CoreServices.framework/Versions/A/Frameworks/SharedFileList.framework/Versions/A/SharedFileList
0x00007fff496f9000 	/System/Library/Frameworks/NetFS.framework/Versions/A/NetFS
0x00007fff5fa0f000 	/System/Library/PrivateFrameworks/NetAuth.framework/Versions/A/NetAuth
0x00007fff69323000 	/System/Library/PrivateFrameworks/login.framework/Versions/A/Frameworks/loginsupport.framework/Versions/A/loginsupport
0x00007fff67675000 	/System/Library/PrivateFrameworks/TCC.framework/Versions/A/TCC
0x00007fff6aa7d000 	/usr/lib/libmecabra.dylib
0x00007fff42183000 	/System/Library/Frameworks/ApplicationServices.framework/Versions/A/Frameworks/ATS.framework/Versions/A/ATS
0x00007fff42531000 	/System/Library/Frameworks/ApplicationServices.framework/Versions/A/Frameworks/ColorSyncLegacy.framework/Versions/A/ColorSyncLegacy
0x00007fff425d5000 	/System/Library/Frameworks/ApplicationServices.framework/Versions/A/Frameworks/HIServices.framework/Versions/A/HIServices
0x00007fff42628000 	/System/Library/Frameworks/ApplicationServices.framework/Versions/A/Frameworks/LangAnalysis.framework/Versions/A/LangAnalysis
0x00007fff42637000 	/System/Library/Frameworks/ApplicationServices.framework/Versions/A/Frameworks/PrintCore.framework/Versions/A/PrintCore
0x00007fff42684000 	/System/Library/Frameworks/ApplicationServices.framework/Versions/A/Frameworks/QD.framework/Versions/A/QD
0x00007fff426bf000 	/System/Library/Frameworks/ApplicationServices.framework/Versions/A/Frameworks/SpeechSynthesis.framework/Versions/A/SpeechSynthesis
0x00007fff43c10000 	/System/Library/Frameworks/CoreDisplay.framework/Versions/A/CoreDisplay
0x00007fff40284000 	/System/Library/Frameworks/Accelerate.framework/Versions/A/Frameworks/vImage.framework/Versions/A/vImage
0x00007fff40fde000 	/System/Library/Frameworks/Accelerate.framework/Versions/A/Frameworks/vecLib.framework/Versions/A/vecLib
0x00007fff40d7e000 	/System/Library/Frameworks/Accelerate.framework/Versions/A/Frameworks/vecLib.framework/Versions/A/libvDSP.dylib
0x00007fff408de000 	/System/Library/Frameworks/Accelerate.framework/Versions/A/Frameworks/vecLib.framework/Versions/A/libBNNS.dylib
0x00007fff40ce3000 	/System/Library/Frameworks/Accelerate.framework/Versions/A/Frameworks/vecLib.framework/Versions/A/libQuadrature.dylib
0x00007fff40f2c000 	/System/Library/Frameworks/Accelerate.framework/Versions/A/Frameworks/vecLib.framework/Versions/A/libvMisc.dylib
0x00007fff4090d000 	/System/Library/Frameworks/Accelerate.framework/Versions/A/Frameworks/vecLib.framework/Versions/A/libLAPACK.dylib
0x00007fff40783000 	/System/Library/Frameworks/Accelerate.framework/Versions/A/Frameworks/vecLib.framework/Versions/A/libBLAS.dylib
0x00007fff40ccd000 	/System/Library/Frameworks/Accelerate.framework/Versions/A/Frameworks/vecLib.framework/Versions/A/libLinearAlgebra.dylib
0x00007fff40ce9000 	/System/Library/Frameworks/Accelerate.framework/Versions/A/Frameworks/vecLib.framework/Versions/A/libSparse.dylib
0x00007fff40d6a000 	/System/Library/Frameworks/Accelerate.framework/Versions/A/Frameworks/vecLib.framework/Versions/A/libSparseBLAS.dylib
0x00007fff5c84f000 	/System/Library/PrivateFrameworks/GPUWrangler.framework/Versions/A/GPUWrangler
0x00007fff5dfe0000 	/System/Library/PrivateFrameworks/IOAccelerator.framework/Versions/A/IOAccelerator
0x00007fff5dfeb000 	/System/Library/PrivateFrameworks/IOPresentment.framework/Versions/A/IOPresentment
0x00007fff58085000 	/System/Library/PrivateFrameworks/DSExternalDisplay.framework/Versions/A/DSExternalDisplay
0x00007fff4d6fc000 	/System/Library/Frameworks/OpenGL.framework/Versions/A/Libraries/libCoreFSCache.dylib
0x00007fff4594f000 	/System/Library/Frameworks/CoreVideo.framework/Versions/A/CoreVideo
0x00007fff5d5ca000 	/System/Library/PrivateFrameworks/GraphVisualizer.framework/Versions/A/GraphVisualizer
0x00007fff486fa000 	/System/Library/Frameworks/MetalPerformanceShaders.framework/Versions/A/MetalPerformanceShaders
0x00007fff69688000 	/usr/lib/libFosl_dynamic.dylib
0x00007fff59159000 	/System/Library/PrivateFrameworks/FaceCore.framework/Versions/A/FaceCore
0x00007fff4c4f7000 	/System/Library/Frameworks/OpenCL.framework/Versions/A/OpenCL
0x00007fff69c89000 	/usr/lib/libcompression.dylib
0x00007fff42282000 	/System/Library/Frameworks/ApplicationServices.framework/Versions/A/Frameworks/ATS.framework/Versions/A/Resources/libFontParser.dylib
0x00007fff423a5000 	/System/Library/Frameworks/ApplicationServices.framework/Versions/A/Frameworks/ATS.framework/Versions/A/Resources/libFontRegistry.dylib
0x00007fff46897000 	/System/Library/Frameworks/ImageIO.framework/Versions/A/Resources/libJPEG.dylib
0x00007fff46bc0000 	/System/Library/Frameworks/ImageIO.framework/Versions/A/Resources/libTIFF.dylib
0x00007fff46b96000 	/System/Library/Frameworks/ImageIO.framework/Versions/A/Resources/libPng.dylib
0x00007fff467aa000 	/System/Library/Frameworks/ImageIO.framework/Versions/A/Resources/libGIF.dylib
0x00007fff467af000 	/System/Library/Frameworks/ImageIO.framework/Versions/A/Resources/libJP2.dylib
0x00007fff46bbd000 	/System/Library/Frameworks/ImageIO.framework/Versions/A/Resources/libRadiance.dylib
0x00007fff54099000 	/System/Library/PrivateFrameworks/AppleJPEG.framework/Versions/A/AppleJPEG
0x00007fff48561000 	/System/Library/Frameworks/MetalPerformanceShaders.framework/Frameworks/MPSCore.framework/Versions/A/MPSCore
0x00007fff4857d000 	/System/Library/Frameworks/MetalPerformanceShaders.framework/Frameworks/MPSImage.framework/Versions/A/MPSImage
0x00007fff48612000 	/System/Library/Frameworks/MetalPerformanceShaders.framework/Frameworks/MPSNeuralNetwork.framework/Versions/A/MPSNeuralNetwork
0x00007fff485ed000 	/System/Library/Frameworks/MetalPerformanceShaders.framework/Frameworks/MPSMatrix.framework/Versions/A/MPSMatrix
0x00007fff5f4e1000 	/System/Library/PrivateFrameworks/MetalTools.framework/Versions/A/MetalTools
0x00007fff4d8c7000 	/System/Library/Frameworks/OpenGL.framework/Versions/A/Libraries/libGLU.dylib
0x00007fff4d707000 	/System/Library/Frameworks/OpenGL.framework/Versions/A/Libraries/libGFXShared.dylib
0x00007fff4d711000 	/System/Library/Frameworks/OpenGL.framework/Versions/A/Libraries/libGL.dylib
0x00007fff4d71d000 	/System/Library/Frameworks/OpenGL.framework/Versions/A/Libraries/libGLImage.dylib
0x00007fff4d6f9000 	/System/Library/Frameworks/OpenGL.framework/Versions/A/Libraries/libCVMSPluginSupport.dylib
0x00007fff4d702000 	/System/Library/Frameworks/OpenGL.framework/Versions/A/Libraries/libCoreVMClient.dylib
0x00007fff6a436000 	/usr/lib/libcups.2.dylib
0x00007fff47ac8000 	/System/Library/Frameworks/Kerberos.framework/Versions/A/Kerberos
0x00007fff4628d000 	/System/Library/Frameworks/GSS.framework/Versions/A/GSS
0x00007fff6b53a000 	/usr/lib/libresolv.9.dylib
0x00007fff6a634000 	/usr/lib/libiconv.2.dylib
0x00007fff5d65c000 	/System/Library/PrivateFrameworks/Heimdal.framework/Versions/A/Heimdal
0x00007fff6a603000 	/usr/lib/libheimdal-asn1.dylib
0x00007fff4c56f000 	/System/Library/Frameworks/OpenDirectory.framework/Versions/A/OpenDirectory
0x00007fff563b0000 	/System/Library/PrivateFrameworks/CommonAuth.framework/Versions/A/CommonAuth
0x00007fff4c552000 	/System/Library/Frameworks/OpenDirectory.framework/Versions/A/Frameworks/CFOpenDirectory.framework/Versions/A/CFOpenDirectory
0x00007fff4fe89000 	/System/Library/Frameworks/SecurityFoundation.framework/Versions/A/SecurityFoundation
0x00007fff5325d000 	/System/Library/PrivateFrameworks/APFS.framework/Versions/A/APFS
0x00007fff6b96f000 	/usr/lib/libutil.dylib
0x00007fff5411c000 	/System/Library/PrivateFrameworks/AppleSauce.framework/Versions/A/AppleSauce
0x00007fff5e7c8000 	/System/Library/PrivateFrameworks/LinguisticData.framework/Versions/A/LinguisticData
0x00007fff6a9b6000 	/usr/lib/libmarisa.dylib
0x00007fff5e782000 	/System/Library/PrivateFrameworks/Lexicon.framework/Versions/A/Lexicon
0x00007fff695b3000 	/usr/lib/libChineseTokenizer.dylib
0x00007fff69c78000 	/usr/lib/libcmph.dylib
0x00007fff5e68c000 	/System/Library/PrivateFrameworks/LanguageModeling.framework/Versions/A/LanguageModeling
0x00007fff56ecd000 	/System/Library/PrivateFrameworks/CoreEmoji.framework/Versions/A/CoreEmoji
0x00007fff4ff47000 	/System/Library/Frameworks/ServiceManagement.framework/Versions/A/ServiceManagement
0x00007fff54967000 	/System/Library/PrivateFrameworks/BackgroundTaskManagement.framework/Versions/A/BackgroundTaskManagement
0x00007fff6ba6c000 	/usr/lib/libxslt.1.dylib
0x00007fff43344000 	/System/Library/Frameworks/Carbon.framework/Versions/A/Frameworks/Ink.framework/Versions/A/Ink
0x00007fff6788a000 	/System/Library/PrivateFrameworks/TextureIO.framework/Versions/A/TextureIO
0x00007fff69a9d000 	/usr/lib/libate.dylib
0x00007fff57fe4000 	/System/Library/PrivateFrameworks/CrashReporterSupport.framework/Versions/A/CrashReporterSupport
0x00007fff64bc6000 	/System/Library/PrivateFrameworks/Sharing.framework/Versions/A/Sharing
0x00007fff5e3cd000 	/System/Library/PrivateFrameworks/IconServices.framework/Versions/A/IconServices
0x00007fff54597000 	/System/Library/PrivateFrameworks/AuthKit.framework/Versions/A/AuthKit
0x00007fff53f1c000 	/System/Library/PrivateFrameworks/Apple80211.framework/Versions/A/Apple80211
0x00007fff57df9000 	/System/Library/PrivateFrameworks/CoreUtils.framework/Versions/A/CoreUtils
0x00007fff4598a000 	/System/Library/Frameworks/CoreWLAN.framework/Versions/A/CoreWLAN
0x00007fff463cf000 	/System/Library/Frameworks/IOBluetooth.framework/Versions/A/IOBluetooth
0x00007fff63086000 	/System/Library/PrivateFrameworks/ProtocolBuffer.framework/Versions/A/ProtocolBuffer
0x00007fff5f6d9000 	/System/Library/PrivateFrameworks/MobileKeyBag.framework/Versions/A/MobileKeyBag
0x00007fff57671000 	/System/Library/PrivateFrameworks/CorePhoneNumbers.framework/Versions/A/CorePhoneNumbers
0x00007fff54054000 	/System/Library/PrivateFrameworks/AppleIDAuthSupport.framework/Versions/A/AppleIDAuthSupport
0x00007fff5e678000 	/System/Library/PrivateFrameworks/KeychainCircle.framework/Versions/A/KeychainCircle
0x00007fff57f7f000 	/System/Library/PrivateFrameworks/CoreWiFi.framework/Versions/A/CoreWiFi
0x00007fff4388f000 	/System/Library/Frameworks/CoreBluetooth.framework/Versions/A/CoreBluetooth
0x00007fff581cf000 	/System/Library/PrivateFrameworks/DebugSymbols.framework/Versions/A/DebugSymbols
0x00007fff57baf000 	/System/Library/PrivateFrameworks/CoreSymbolication.framework/Versions/A/CoreSymbolication
0x00007fff6707c000 	/System/Library/PrivateFrameworks/Symbolication.framework/Versions/A/Symbolication
0x00007fff53f46000 	/System/Library/PrivateFrameworks/AppleFSCompression.framework/Versions/A/AppleFSCompression
0x00007fff664c9000 	/System/Library/PrivateFrameworks/SpeechRecognitionCore.framework/Versions/A/SpeechRecognitionCore
0x00007fff3c223000 	/System/Library/CoreServices/Encodings/libCyrillicConverter.dylib
0x0000000105c00000 	/Library/Java/JavaVirtualMachines/jdk1.8.0_201.jdk/Contents/Home/jre/lib/server/libjvm.dylib
0x00007fff6b83c000 	/usr/lib/libstdc++.6.0.9.dylib
0x0000000105244000 	/Library/Java/JavaVirtualMachines/jdk1.8.0_201.jdk/Contents/Home/jre/lib/libverify.dylib
0x0000000105252000 	/Library/Java/JavaVirtualMachines/jdk1.8.0_201.jdk/Contents/Home/jre/lib/libjava.dylib
0x00000001052d2000 	/Library/Java/JavaVirtualMachines/jdk1.8.0_201.jdk/Contents/Home/jre/lib/libzip.dylib
0x000000011c05a000 	/Library/Java/JavaVirtualMachines/jdk1.8.0_201.jdk/Contents/Home/jre/lib/libnet.dylib
0x000000011c071000 	/Library/Java/JavaVirtualMachines/jdk1.8.0_201.jdk/Contents/Home/jre/lib/libnio.dylib
0x000000011c081000 	/Users/end-i/.gradle/native/25/osx-amd64/libnative-platform.dylib
0x000000011c514000 	/Library/Java/JavaVirtualMachines/jdk1.8.0_201.jdk/Contents/Home/jre/lib/libmanagement.dylib

VM Arguments:
jvm_args: -XX:+HeapDumpOnOutOfMemoryError -Xmx1024m -Dfile.encoding=UTF-8 -Duser.country=UA -Duser.language=ru -Duser.variant 
java_command: org.gradle.launcher.daemon.bootstrap.GradleDaemon 4.10.1
java_class_path (initial): /Users/end-i/.gradle/wrapper/dists/gradle-4.10.1-all/455itskqi2qtf0v2sja68alqd/gradle-4.10.1/lib/gradle-launcher-4.10.1.jar
Launcher Type: SUN_STANDARD

Environment Variables:
PATH=/usr/local/bin:/usr/bin:/bin:/usr/sbin:/sbin:/Users/end-i/Library/Android/sdk/emulator:/Users/end-i/Library/Android/sdk/tools:/Users/end-i/Library/Android/sdk/tools/bin:/Users/end-i/Library/Android/sdk/platform-tools:/Users/end-i/Library/Android/sdk/emulator:/Users/end-i/Library/Android/sdk/tools:/Users/end-i/Library/Android/sdk/tools/bin:/Users/end-i/Library/Android/sdk/platform-tools
SHELL=/bin/bash

Signal Handlers:
SIGSEGV: [libjvm.dylib+0x5b723d], sa_mask[0]=11111111011111110111111111111111, sa_flags=SA_ONSTACK|SA_RESTART|SA_SIGINFO
SIGBUS: [libjvm.dylib+0x5b723d], sa_mask[0]=11111111011111110111111111111111, sa_flags=SA_RESTART|SA_SIGINFO
SIGFPE: [libjvm.dylib+0x48c9bc], sa_mask[0]=11111111011111110111111111111111, sa_flags=SA_RESTART|SA_SIGINFO
SIGPIPE: [libjvm.dylib+0x48c9bc], sa_mask[0]=11111111011111110111111111111111, sa_flags=SA_RESTART|SA_SIGINFO
SIGXFSZ: [libjvm.dylib+0x48c9bc], sa_mask[0]=11111111011111110111111111111111, sa_flags=SA_RESTART|SA_SIGINFO
SIGILL: [libjvm.dylib+0x48c9bc], sa_mask[0]=11111111011111110111111111111111, sa_flags=SA_RESTART|SA_SIGINFO
SIGUSR1: SIG_DFL, sa_mask[0]=00000000000000000000000000000000, sa_flags=SA_RESTART
SIGUSR2: [libjvm.dylib+0x48c4da], sa_mask[0]=00100000000000000000000000000000, sa_flags=SA_RESTART|SA_SIGINFO
SIGHUP: [libjvm.dylib+0x48aa65], sa_mask[0]=11111111011111110111111111111111, sa_flags=SA_RESTART|SA_SIGINFO
SIGINT: [libjvm.dylib+0x48aa65], sa_mask[0]=11111111011111110111111111111111, sa_flags=SA_RESTART|SA_SIGINFO
SIGTERM: [libjvm.dylib+0x48aa65], sa_mask[0]=11111111011111110111111111111111, sa_flags=SA_RESTART|SA_SIGINFO
SIGQUIT: [libjvm.dylib+0x48aa65], sa_mask[0]=11111111011111110111111111111111, sa_flags=SA_RESTART|SA_SIGINFO


---------------  S Y S T E M  ---------------

OS:Bsduname:Darwin 17.7.0 Darwin Kernel Version 17.7.0: Thu Dec 20 21:47:19 PST 2018; root:xnu-4570.71.22~1/RELEASE_X86_64 x86_64
rlimit: STACK 8192k, CORE 0k, NPROC 1418, NOFILE 10240, AS infinity
load average:6,92 4,26 3,26

CPU:total 4 (initial active 4) (4 cores per cpu, 1 threads per core) family 6 model 158 stepping 9, cmov, cx8, fxsr, mmx, sse, sse2, sse3, ssse3, sse4.1, sse4.2, popcnt, avx, avx2, aes, clmul, erms, 3dnowpref, lzcnt, tsc, tscinvbit, bmi1, bmi2, adx

Memory: 4k page, physical 16777216k(1480820k free)

/proc/meminfo:


vm_info: Java HotSpot(TM) 64-Bit Server VM (25.201-b09) for bsd-amd64 JRE (1.8.0_201-b09), built on Dec 15 2018 18:35:23 by "java_re" with gcc 4.2.1 (Based on Apple Inc. build 5658) (LLVM build 2336.11.00)

time: Thu Feb 21 11:45:55 2019
timezone: EET
elapsed time: 2 seconds (0d 0h 0m 2s)

